{"C:\\Users\\user\\VScode\\Twin v2\\src\\engine\\aggregation.ts": {"path":"C:\\Users\\user\\VScode\\Twin v2\\src\\engine\\aggregation.ts","statementMap":{"0":{"start":{"line":46,"column":23},"end":{"line":46,"column":null}},"1":{"start":{"line":47,"column":30},"end":{"line":47,"column":null}},"2":{"start":{"line":48,"column":31},"end":{"line":48,"column":null}},"3":{"start":{"line":49,"column":28},"end":{"line":49,"column":null}},"4":{"start":{"line":56,"column":17},"end":{"line":56,"column":null}},"5":{"start":{"line":56,"column":47},"end":{"line":56,"column":52}},"6":{"start":{"line":57,"column":2},"end":{"line":61,"column":null}},"7":{"start":{"line":65,"column":12},"end":{"line":65,"column":null}},"8":{"start":{"line":66,"column":2},"end":{"line":68,"column":null}},"9":{"start":{"line":67,"column":4},"end":{"line":67,"column":null}},"10":{"start":{"line":69,"column":2},"end":{"line":69,"column":null}},"11":{"start":{"line":73,"column":31},"end":{"line":73,"column":null}},"12":{"start":{"line":74,"column":2},"end":{"line":99,"column":null}},"13":{"start":{"line":74,"column":19},"end":{"line":74,"column":22}},"14":{"start":{"line":75,"column":33},"end":{"line":75,"column":null}},"15":{"start":{"line":76,"column":33},"end":{"line":76,"column":null}},"16":{"start":{"line":77,"column":33},"end":{"line":77,"column":null}},"17":{"start":{"line":78,"column":4},"end":{"line":83,"column":null}},"18":{"start":{"line":79,"column":22},"end":{"line":79,"column":null}},"19":{"start":{"line":80,"column":6},"end":{"line":80,"column":null}},"20":{"start":{"line":81,"column":6},"end":{"line":81,"column":null}},"21":{"start":{"line":82,"column":6},"end":{"line":82,"column":null}},"22":{"start":{"line":84,"column":17},"end":{"line":84,"column":null}},"23":{"start":{"line":85,"column":17},"end":{"line":85,"column":null}},"24":{"start":{"line":86,"column":17},"end":{"line":86,"column":null}},"25":{"start":{"line":87,"column":4},"end":{"line":98,"column":null}},"26":{"start":{"line":100,"column":2},"end":{"line":100,"column":null}},"27":{"start":{"line":117,"column":2},"end":{"line":117,"column":null}},"28":{"start":{"line":121,"column":12},"end":{"line":121,"column":null}},"29":{"start":{"line":122,"column":2},"end":{"line":124,"column":null}},"30":{"start":{"line":123,"column":4},"end":{"line":123,"column":null}},"31":{"start":{"line":125,"column":2},"end":{"line":125,"column":null}},"32":{"start":{"line":129,"column":19},"end":{"line":129,"column":null}},"33":{"start":{"line":130,"column":2},"end":{"line":130,"column":null}},"34":{"start":{"line":135,"column":21},"end":{"line":135,"column":null}},"35":{"start":{"line":136,"column":2},"end":{"line":136,"column":null}},"36":{"start":{"line":145,"column":2},"end":{"line":155,"column":null}},"37":{"start":{"line":145,"column":19},"end":{"line":145,"column":22}},"38":{"start":{"line":146,"column":42},"end":{"line":146,"column":null}},"39":{"start":{"line":147,"column":18},"end":{"line":149,"column":null}},"40":{"start":{"line":148,"column":17},"end":{"line":148,"column":null}},"41":{"start":{"line":150,"column":4},"end":{"line":154,"column":null}},"42":{"start":{"line":151,"column":23},"end":{"line":151,"column":null}},"43":{"start":{"line":152,"column":24},"end":{"line":152,"column":null}},"44":{"start":{"line":153,"column":6},"end":{"line":153,"column":null}},"45":{"start":{"line":156,"column":2},"end":{"line":156,"column":null}},"46":{"start":{"line":165,"column":27},"end":{"line":167,"column":null}},"47":{"start":{"line":166,"column":14},"end":{"line":166,"column":null}},"48":{"start":{"line":168,"column":2},"end":{"line":170,"column":null}},"49":{"start":{"line":169,"column":4},"end":{"line":169,"column":null}},"50":{"start":{"line":171,"column":2},"end":{"line":183,"column":null}},"51":{"start":{"line":172,"column":34},"end":{"line":172,"column":null}},"52":{"start":{"line":173,"column":23},"end":{"line":173,"column":null}},"53":{"start":{"line":174,"column":4},"end":{"line":179,"column":null}},"54":{"start":{"line":174,"column":21},"end":{"line":174,"column":24}},"55":{"start":{"line":175,"column":6},"end":{"line":178,"column":null}},"56":{"start":{"line":176,"column":8},"end":{"line":176,"column":null}},"57":{"start":{"line":177,"column":8},"end":{"line":177,"column":null}},"58":{"start":{"line":180,"column":4},"end":{"line":182,"column":null}},"59":{"start":{"line":181,"column":6},"end":{"line":181,"column":null}},"60":{"start":{"line":184,"column":2},"end":{"line":184,"column":null}},"61":{"start":{"line":187,"column":43},"end":{"line":224,"column":null}},"62":{"start":{"line":192,"column":30},"end":{"line":192,"column":null}},"63":{"start":{"line":198,"column":30},"end":{"line":198,"column":null}},"64":{"start":{"line":204,"column":30},"end":{"line":204,"column":null}},"65":{"start":{"line":222,"column":30},"end":{"line":222,"column":null}},"66":{"start":{"line":235,"column":19},"end":{"line":235,"column":null}},"67":{"start":{"line":236,"column":13},"end":{"line":236,"column":null}},"68":{"start":{"line":237,"column":2},"end":{"line":246,"column":null}},"69":{"start":{"line":238,"column":20},"end":{"line":238,"column":null}},"70":{"start":{"line":239,"column":4},"end":{"line":241,"column":null}},"71":{"start":{"line":240,"column":6},"end":{"line":240,"column":null}},"72":{"start":{"line":242,"column":4},"end":{"line":242,"column":null}},"73":{"start":{"line":243,"column":4},"end":{"line":245,"column":null}},"74":{"start":{"line":244,"column":6},"end":{"line":244,"column":null}},"75":{"start":{"line":247,"column":2},"end":{"line":249,"column":null}},"76":{"start":{"line":248,"column":4},"end":{"line":248,"column":null}},"77":{"start":{"line":250,"column":2},"end":{"line":250,"column":null}},"78":{"start":{"line":254,"column":2},"end":{"line":256,"column":null}},"79":{"start":{"line":255,"column":4},"end":{"line":255,"column":null}},"80":{"start":{"line":257,"column":2},"end":{"line":259,"column":null}},"81":{"start":{"line":258,"column":4},"end":{"line":258,"column":null}},"82":{"start":{"line":260,"column":2},"end":{"line":260,"column":null}},"83":{"start":{"line":267,"column":2},"end":{"line":279,"column":null}},"84":{"start":{"line":268,"column":24},"end":{"line":268,"column":null}},"85":{"start":{"line":269,"column":24},"end":{"line":269,"column":null}},"86":{"start":{"line":270,"column":21},"end":{"line":270,"column":null}},"87":{"start":{"line":271,"column":4},"end":{"line":278,"column":null}},"88":{"start":{"line":287,"column":19},"end":{"line":287,"column":null}},"89":{"start":{"line":287,"column":44},"end":{"line":287,"column":61}},"90":{"start":{"line":288,"column":19},"end":{"line":288,"column":null}},"91":{"start":{"line":288,"column":44},"end":{"line":288,"column":61}},"92":{"start":{"line":289,"column":2},"end":{"line":294,"column":null}}},"fnMap":{"0":{"name":"percentileSummary","decl":{"start":{"line":55,"column":9},"end":{"line":55,"column":27}},"loc":{"start":{"line":55,"column":88},"end":{"line":62,"column":null}},"line":55},"1":{"name":"(anonymous_1)","decl":{"start":{"line":56,"column":32},"end":{"line":56,"column":38}},"loc":{"start":{"line":56,"column":47},"end":{"line":56,"column":52}},"line":56},"2":{"name":"totalDebt","decl":{"start":{"line":64,"column":9},"end":{"line":64,"column":19}},"loc":{"start":{"line":64,"column":65},"end":{"line":70,"column":null}},"line":64},"3":{"name":"computeBands","decl":{"start":{"line":72,"column":9},"end":{"line":72,"column":22}},"loc":{"start":{"line":72,"column":73},"end":{"line":101,"column":null}},"line":72},"4":{"name":"startingDebts","decl":{"start":{"line":116,"column":9},"end":{"line":116,"column":23}},"loc":{"start":{"line":116,"column":73},"end":{"line":118,"column":null}},"line":116},"5":{"name":"startingTotalDebt","decl":{"start":{"line":120,"column":9},"end":{"line":120,"column":27}},"loc":{"start":{"line":120,"column":67},"end":{"line":126,"column":null}},"line":120},"6":{"name":"startingNetWorth","decl":{"start":{"line":128,"column":9},"end":{"line":128,"column":26}},"loc":{"start":{"line":128,"column":66},"end":{"line":131,"column":null}},"line":128},"7":{"name":"endingDebtComponent","decl":{"start":{"line":134,"column":9},"end":{"line":134,"column":29}},"loc":{"start":{"line":134,"column":69},"end":{"line":137,"column":null}},"line":134},"8":{"name":"coversTailShock","decl":{"start":{"line":144,"column":9},"end":{"line":144,"column":25}},"loc":{"start":{"line":144,"column":70},"end":{"line":157,"column":null}},"line":144},"9":{"name":"(anonymous_9)","decl":{"start":{"line":147,"column":41},"end":{"line":147,"column":null}},"loc":{"start":{"line":148,"column":17},"end":{"line":148,"column":null}},"line":148},"10":{"name":"paysOffAheadOfSchedule","decl":{"start":{"line":164,"column":9},"end":{"line":164,"column":32}},"loc":{"start":{"line":164,"column":77},"end":{"line":185,"column":null}},"line":164},"11":{"name":"(anonymous_11)","decl":{"start":{"line":165,"column":53},"end":{"line":165,"column":null}},"loc":{"start":{"line":166,"column":14},"end":{"line":166,"column":null}},"line":166},"12":{"name":"(anonymous_12)","decl":{"start":{"line":192,"column":4},"end":{"line":192,"column":15}},"loc":{"start":{"line":192,"column":30},"end":{"line":192,"column":null}},"line":192},"13":{"name":"(anonymous_13)","decl":{"start":{"line":198,"column":4},"end":{"line":198,"column":15}},"loc":{"start":{"line":198,"column":30},"end":{"line":198,"column":null}},"line":198},"14":{"name":"(anonymous_14)","decl":{"start":{"line":204,"column":4},"end":{"line":204,"column":15}},"loc":{"start":{"line":204,"column":30},"end":{"line":204,"column":null}},"line":204},"15":{"name":"(anonymous_15)","decl":{"start":{"line":222,"column":4},"end":{"line":222,"column":15}},"loc":{"start":{"line":222,"column":30},"end":{"line":222,"column":null}},"line":222},"16":{"name":"conditionalPercentage","decl":{"start":{"line":231,"column":9},"end":{"line":231,"column":null}},"loc":{"start":{"line":234,"column":10},"end":{"line":251,"column":null}},"line":234},"17":{"name":"severityFor","decl":{"start":{"line":253,"column":9},"end":{"line":253,"column":21}},"loc":{"start":{"line":253,"column":82},"end":{"line":261,"column":null}},"line":253},"18":{"name":"computeFrequencyStats","decl":{"start":{"line":263,"column":9},"end":{"line":263,"column":null}},"loc":{"start":{"line":266,"column":19},"end":{"line":280,"column":null}},"line":266},"19":{"name":"(anonymous_19)","decl":{"start":{"line":267,"column":26},"end":{"line":267,"column":31}},"loc":{"start":{"line":267,"column":46},"end":{"line":279,"column":3}},"line":267},"20":{"name":"aggregateResults","decl":{"start":{"line":286,"column":16},"end":{"line":286,"column":33}},"loc":{"start":{"line":286,"column":77},"end":{"line":295,"column":null}},"line":286},"21":{"name":"(anonymous_21)","decl":{"start":{"line":287,"column":26},"end":{"line":287,"column":31}},"loc":{"start":{"line":287,"column":44},"end":{"line":287,"column":61}},"line":287},"22":{"name":"(anonymous_22)","decl":{"start":{"line":288,"column":26},"end":{"line":288,"column":31}},"loc":{"start":{"line":288,"column":44},"end":{"line":288,"column":61}},"line":288}},"branchMap":{"0":{"loc":{"start":{"line":148,"column":17},"end":{"line":148,"column":null}},"type":"binary-expr","locations":[{"start":{"line":148,"column":17},"end":{"line":148,"column":53}},{"start":{"line":148,"column":53},"end":{"line":148,"column":null}}],"line":148},"1":{"loc":{"start":{"line":150,"column":4},"end":{"line":154,"column":null}},"type":"if","locations":[{"start":{"line":150,"column":4},"end":{"line":154,"column":null}},{"start":{},"end":{}}],"line":150},"2":{"loc":{"start":{"line":168,"column":2},"end":{"line":170,"column":null}},"type":"if","locations":[{"start":{"line":168,"column":2},"end":{"line":170,"column":null}},{"start":{},"end":{}}],"line":168},"3":{"loc":{"start":{"line":175,"column":6},"end":{"line":178,"column":null}},"type":"if","locations":[{"start":{"line":175,"column":6},"end":{"line":178,"column":null}},{"start":{},"end":{}}],"line":175},"4":{"loc":{"start":{"line":180,"column":4},"end":{"line":182,"column":null}},"type":"if","locations":[{"start":{"line":180,"column":4},"end":{"line":182,"column":null}},{"start":{},"end":{}}],"line":180},"5":{"loc":{"start":{"line":180,"column":8},"end":{"line":180,"column":66}},"type":"binary-expr","locations":[{"start":{"line":180,"column":8},"end":{"line":180,"column":28}},{"start":{"line":180,"column":28},"end":{"line":180,"column":66}}],"line":180},"6":{"loc":{"start":{"line":239,"column":4},"end":{"line":241,"column":null}},"type":"if","locations":[{"start":{"line":239,"column":4},"end":{"line":241,"column":null}},{"start":{},"end":{}}],"line":239},"7":{"loc":{"start":{"line":243,"column":4},"end":{"line":245,"column":null}},"type":"if","locations":[{"start":{"line":243,"column":4},"end":{"line":245,"column":null}},{"start":{},"end":{}}],"line":243},"8":{"loc":{"start":{"line":247,"column":2},"end":{"line":249,"column":null}},"type":"if","locations":[{"start":{"line":247,"column":2},"end":{"line":249,"column":null}},{"start":{},"end":{}}],"line":247},"9":{"loc":{"start":{"line":254,"column":2},"end":{"line":256,"column":null}},"type":"if","locations":[{"start":{"line":254,"column":2},"end":{"line":256,"column":null}},{"start":{},"end":{}}],"line":254},"10":{"loc":{"start":{"line":254,"column":6},"end":{"line":254,"column":74}},"type":"binary-expr","locations":[{"start":{"line":254,"column":6},"end":{"line":254,"column":32}},{"start":{"line":254,"column":32},"end":{"line":254,"column":74}}],"line":254},"11":{"loc":{"start":{"line":257,"column":2},"end":{"line":259,"column":null}},"type":"if","locations":[{"start":{"line":257,"column":2},"end":{"line":259,"column":null}},{"start":{},"end":{}}],"line":257},"12":{"loc":{"start":{"line":257,"column":6},"end":{"line":257,"column":43}},"type":"cond-expr","locations":[{"start":{"line":257,"column":14},"end":{"line":257,"column":29}},{"start":{"line":257,"column":29},"end":{"line":257,"column":43}}],"line":257}},"s":{"0":2,"1":2,"2":2,"3":2,"4":2736,"5":676321,"6":2736,"7":81288,"8":81288,"9":33170,"10":81288,"11":76,"12":76,"13":76,"14":912,"15":912,"16":912,"17":912,"18":81288,"19":81288,"20":81288,"21":81288,"22":912,"23":912,"24":912,"25":912,"26":76,"27":20322,"28":13548,"29":13548,"30":5036,"31":13548,"32":6774,"33":6774,"34":6774,"35":6774,"36":6774,"37":6774,"38":78982,"39":78982,"40":13312,"41":78982,"42":404,"43":404,"44":404,"45":78578,"46":6774,"47":2518,"48":6774,"49":4264,"50":2510,"51":2510,"52":2510,"53":2510,"54":2510,"55":30092,"56":4,"57":4,"58":2510,"59":2508,"60":2,"61":2,"62":6774,"63":6774,"64":6774,"65":6774,"66":456,"67":456,"68":456,"69":40644,"70":40644,"71":10634,"72":30010,"73":30010,"74":12046,"75":456,"76":89,"77":367,"78":228,"79":215,"80":13,"81":8,"82":5,"83":38,"84":228,"85":228,"86":228,"87":228,"88":38,"89":3387,"90":38,"91":3387,"92":38},"f":{"0":2736,"1":676321,"2":81288,"3":76,"4":20322,"5":13548,"6":6774,"7":6774,"8":6774,"9":13312,"10":6774,"11":2518,"12":6774,"13":6774,"14":6774,"15":6774,"16":456,"17":228,"18":38,"19":228,"20":38,"21":3387,"22":3387},"b":{"0":[13312,6824],"1":[404,78578],"2":[4264,2510],"3":[4,30088],"4":[2508,2],"5":[2510,4],"6":[10634,30010],"7":[12046,17964],"8":[89,367],"9":[215,13],"10":[228,176],"11":[8,5],"12":[7,6]},"meta":{"lastBranch":13,"lastFunction":23,"lastStatement":93,"seen":{"s:46:23:46:Infinity":0,"s:47:30:47:Infinity":1,"s:48:31:48:Infinity":2,"s:49:28:49:Infinity":3,"f:55:9:55:27":0,"s:56:17:56:Infinity":4,"f:56:32:56:38":1,"s:56:47:56:52":5,"s:57:2:61:Infinity":6,"f:64:9:64:19":2,"s:65:12:65:Infinity":7,"s:66:2:68:Infinity":8,"s:67:4:67:Infinity":9,"s:69:2:69:Infinity":10,"f:72:9:72:22":3,"s:73:31:73:Infinity":11,"s:74:2:99:Infinity":12,"s:74:19:74:22":13,"s:75:33:75:Infinity":14,"s:76:33:76:Infinity":15,"s:77:33:77:Infinity":16,"s:78:4:83:Infinity":17,"s:79:22:79:Infinity":18,"s:80:6:80:Infinity":19,"s:81:6:81:Infinity":20,"s:82:6:82:Infinity":21,"s:84:17:84:Infinity":22,"s:85:17:85:Infinity":23,"s:86:17:86:Infinity":24,"s:87:4:98:Infinity":25,"s:100:2:100:Infinity":26,"f:116:9:116:23":4,"s:117:2:117:Infinity":27,"f:120:9:120:27":5,"s:121:12:121:Infinity":28,"s:122:2:124:Infinity":29,"s:123:4:123:Infinity":30,"s:125:2:125:Infinity":31,"f:128:9:128:26":6,"s:129:19:129:Infinity":32,"s:130:2:130:Infinity":33,"f:134:9:134:29":7,"s:135:21:135:Infinity":34,"s:136:2:136:Infinity":35,"f:144:9:144:25":8,"s:145:2:155:Infinity":36,"s:145:19:145:22":37,"s:146:42:146:Infinity":38,"s:147:18:149:Infinity":39,"f:147:41:147:Infinity":9,"s:148:17:148:Infinity":40,"b:148:17:148:53:148:53:148:Infinity":0,"b:150:4:154:Infinity:undefined:undefined:undefined:undefined":1,"s:150:4:154:Infinity":41,"s:151:23:151:Infinity":42,"s:152:24:152:Infinity":43,"s:153:6:153:Infinity":44,"s:156:2:156:Infinity":45,"f:164:9:164:32":10,"s:165:27:167:Infinity":46,"f:165:53:165:Infinity":11,"s:166:14:166:Infinity":47,"b:168:2:170:Infinity:undefined:undefined:undefined:undefined":2,"s:168:2:170:Infinity":48,"s:169:4:169:Infinity":49,"s:171:2:183:Infinity":50,"s:172:34:172:Infinity":51,"s:173:23:173:Infinity":52,"s:174:4:179:Infinity":53,"s:174:21:174:24":54,"b:175:6:178:Infinity:undefined:undefined:undefined:undefined":3,"s:175:6:178:Infinity":55,"s:176:8:176:Infinity":56,"s:177:8:177:Infinity":57,"b:180:4:182:Infinity:undefined:undefined:undefined:undefined":4,"s:180:4:182:Infinity":58,"b:180:8:180:28:180:28:180:66":5,"s:181:6:181:Infinity":59,"s:184:2:184:Infinity":60,"s:187:43:224:Infinity":61,"f:192:4:192:15":12,"s:192:30:192:Infinity":62,"f:198:4:198:15":13,"s:198:30:198:Infinity":63,"f:204:4:204:15":14,"s:204:30:204:Infinity":64,"f:222:4:222:15":15,"s:222:30:222:Infinity":65,"f:231:9:231:Infinity":16,"s:235:19:235:Infinity":66,"s:236:13:236:Infinity":67,"s:237:2:246:Infinity":68,"s:238:20:238:Infinity":69,"b:239:4:241:Infinity:undefined:undefined:undefined:undefined":6,"s:239:4:241:Infinity":70,"s:240:6:240:Infinity":71,"s:242:4:242:Infinity":72,"b:243:4:245:Infinity:undefined:undefined:undefined:undefined":7,"s:243:4:245:Infinity":73,"s:244:6:244:Infinity":74,"b:247:2:249:Infinity:undefined:undefined:undefined:undefined":8,"s:247:2:249:Infinity":75,"s:248:4:248:Infinity":76,"s:250:2:250:Infinity":77,"f:253:9:253:21":17,"b:254:2:256:Infinity:undefined:undefined:undefined:undefined":9,"s:254:2:256:Infinity":78,"b:254:6:254:32:254:32:254:74":10,"s:255:4:255:Infinity":79,"b:257:2:259:Infinity:undefined:undefined:undefined:undefined":11,"s:257:2:259:Infinity":80,"b:257:14:257:29:257:29:257:43":12,"s:258:4:258:Infinity":81,"s:260:2:260:Infinity":82,"f:263:9:263:Infinity":18,"s:267:2:279:Infinity":83,"f:267:26:267:31":19,"s:268:24:268:Infinity":84,"s:269:24:269:Infinity":85,"s:270:21:270:Infinity":86,"s:271:4:278:Infinity":87,"f:286:16:286:33":20,"s:287:19:287:Infinity":88,"f:287:26:287:31":21,"s:287:44:287:61":89,"s:288:19:288:Infinity":90,"f:288:26:288:31":22,"s:288:44:288:61":91,"s:289:2:294:Infinity":92},"fnNames":{}}}
,"C:\\Users\\user\\VScode\\Twin v2\\src\\engine\\decision.ts": {"path":"C:\\Users\\user\\VScode\\Twin v2\\src\\engine\\decision.ts","statementMap":{"0":{"start":{"line":100,"column":2},"end":{"line":100,"column":null}},"1":{"start":{"line":115,"column":12},"end":{"line":115,"column":null}},"2":{"start":{"line":116,"column":12},"end":{"line":116,"column":null}},"3":{"start":{"line":117,"column":2},"end":{"line":119,"column":null}},"4":{"start":{"line":118,"column":4},"end":{"line":118,"column":null}},"5":{"start":{"line":120,"column":17},"end":{"line":120,"column":null}},"6":{"start":{"line":121,"column":2},"end":{"line":121,"column":null}},"7":{"start":{"line":129,"column":2},"end":{"line":133,"column":null}},"8":{"start":{"line":130,"column":4},"end":{"line":132,"column":null}},"9":{"start":{"line":134,"column":17},"end":{"line":134,"column":null}},"10":{"start":{"line":134,"column":56},"end":{"line":134,"column":89}},"11":{"start":{"line":135,"column":2},"end":{"line":139,"column":null}},"12":{"start":{"line":136,"column":4},"end":{"line":138,"column":null}},"13":{"start":{"line":140,"column":2},"end":{"line":140,"column":null}},"14":{"start":{"line":162,"column":23},"end":{"line":162,"column":null}},"15":{"start":{"line":164,"column":2},"end":{"line":264,"column":null}},"16":{"start":{"line":166,"column":32},"end":{"line":170,"column":null}},"17":{"start":{"line":171,"column":38},"end":{"line":179,"column":null}},"18":{"start":{"line":180,"column":6},"end":{"line":180,"column":null}},"19":{"start":{"line":184,"column":33},"end":{"line":184,"column":null}},"20":{"start":{"line":185,"column":6},"end":{"line":189,"column":null}},"21":{"start":{"line":186,"column":8},"end":{"line":186,"column":null}},"22":{"start":{"line":188,"column":8},"end":{"line":188,"column":null}},"23":{"start":{"line":191,"column":6},"end":{"line":191,"column":null}},"24":{"start":{"line":195,"column":6},"end":{"line":229,"column":null}},"25":{"start":{"line":196,"column":8},"end":{"line":198,"column":null}},"26":{"start":{"line":197,"column":10},"end":{"line":197,"column":null}},"27":{"start":{"line":199,"column":8},"end":{"line":201,"column":null}},"28":{"start":{"line":200,"column":10},"end":{"line":200,"column":null}},"29":{"start":{"line":202,"column":23},"end":{"line":202,"column":null}},"30":{"start":{"line":203,"column":8},"end":{"line":203,"column":null}},"31":{"start":{"line":204,"column":8},"end":{"line":204,"column":null}},"32":{"start":{"line":205,"column":13},"end":{"line":229,"column":null}},"33":{"start":{"line":206,"column":8},"end":{"line":208,"column":null}},"34":{"start":{"line":207,"column":10},"end":{"line":207,"column":null}},"35":{"start":{"line":209,"column":23},"end":{"line":209,"column":null}},"36":{"start":{"line":210,"column":25},"end":{"line":210,"column":null}},"37":{"start":{"line":211,"column":8},"end":{"line":211,"column":null}},"38":{"start":{"line":213,"column":8},"end":{"line":215,"column":null}},"39":{"start":{"line":214,"column":10},"end":{"line":214,"column":null}},"40":{"start":{"line":216,"column":8},"end":{"line":218,"column":null}},"41":{"start":{"line":217,"column":10},"end":{"line":217,"column":null}},"42":{"start":{"line":219,"column":8},"end":{"line":221,"column":null}},"43":{"start":{"line":220,"column":10},"end":{"line":220,"column":null}},"44":{"start":{"line":222,"column":40},"end":{"line":227,"column":null}},"45":{"start":{"line":228,"column":8},"end":{"line":228,"column":null}},"46":{"start":{"line":231,"column":6},"end":{"line":231,"column":null}},"47":{"start":{"line":237,"column":42},"end":{"line":242,"column":null}},"48":{"start":{"line":243,"column":6},"end":{"line":243,"column":null}},"49":{"start":{"line":245,"column":42},"end":{"line":247,"column":null}},"50":{"start":{"line":248,"column":6},"end":{"line":248,"column":null}},"51":{"start":{"line":254,"column":42},"end":{"line":256,"column":null}},"52":{"start":{"line":257,"column":6},"end":{"line":257,"column":null}},"53":{"start":{"line":262,"column":6},"end":{"line":262,"column":null}}},"fnMap":{"0":{"name":"generateId","decl":{"start":{"line":99,"column":9},"end":{"line":99,"column":30}},"loc":{"start":{"line":99,"column":30},"end":{"line":101,"column":null}},"line":99},"1":{"name":"computeAmortizedMonthlyPayment","decl":{"start":{"line":110,"column":16},"end":{"line":110,"column":null}},"loc":{"start":{"line":114,"column":10},"end":{"line":122,"column":null}},"line":114},"2":{"name":"requireIncomeSource","decl":{"start":{"line":124,"column":9},"end":{"line":124,"column":null}},"loc":{"start":{"line":128,"column":16},"end":{"line":141,"column":null}},"line":128},"3":{"name":"(anonymous_3)","decl":{"start":{"line":134,"column":40},"end":{"line":134,"column":46}},"loc":{"start":{"line":134,"column":56},"end":{"line":134,"column":89}},"line":134},"4":{"name":"applyDecisionToSnapshot","decl":{"start":{"line":158,"column":16},"end":{"line":158,"column":null}},"loc":{"start":{"line":161,"column":64},"end":{"line":265,"column":null}},"line":161}},"branchMap":{"0":{"loc":{"start":{"line":117,"column":2},"end":{"line":119,"column":null}},"type":"if","locations":[{"start":{"line":117,"column":2},"end":{"line":119,"column":null}},{"start":{},"end":{}}],"line":117},"1":{"loc":{"start":{"line":129,"column":2},"end":{"line":133,"column":null}},"type":"if","locations":[{"start":{"line":129,"column":2},"end":{"line":133,"column":null}},{"start":{},"end":{}}],"line":129},"2":{"loc":{"start":{"line":135,"column":2},"end":{"line":139,"column":null}},"type":"if","locations":[{"start":{"line":135,"column":2},"end":{"line":139,"column":null}},{"start":{},"end":{}}],"line":135},"3":{"loc":{"start":{"line":164,"column":2},"end":{"line":264,"column":null}},"type":"switch","locations":[{"start":{"line":165,"column":4},"end":{"line":192,"column":null}},{"start":{"line":194,"column":4},"end":{"line":232,"column":null}},{"start":{"line":234,"column":4},"end":{"line":249,"column":null}},{"start":{"line":251,"column":4},"end":{"line":258,"column":null}},{"start":{"line":260,"column":4},"end":{"line":260,"column":null}},{"start":{"line":261,"column":4},"end":{"line":263,"column":null}}],"line":164},"4":{"loc":{"start":{"line":185,"column":6},"end":{"line":189,"column":null}},"type":"if","locations":[{"start":{"line":185,"column":6},"end":{"line":189,"column":null}},{"start":{"line":187,"column":13},"end":{"line":189,"column":null}}],"line":185},"5":{"loc":{"start":{"line":195,"column":6},"end":{"line":229,"column":null}},"type":"if","locations":[{"start":{"line":195,"column":6},"end":{"line":229,"column":null}},{"start":{"line":205,"column":13},"end":{"line":229,"column":null}}],"line":195},"6":{"loc":{"start":{"line":196,"column":8},"end":{"line":198,"column":null}},"type":"if","locations":[{"start":{"line":196,"column":8},"end":{"line":198,"column":null}},{"start":{},"end":{}}],"line":196},"7":{"loc":{"start":{"line":199,"column":8},"end":{"line":201,"column":null}},"type":"if","locations":[{"start":{"line":199,"column":8},"end":{"line":201,"column":null}},{"start":{},"end":{}}],"line":199},"8":{"loc":{"start":{"line":205,"column":13},"end":{"line":229,"column":null}},"type":"if","locations":[{"start":{"line":205,"column":13},"end":{"line":229,"column":null}},{"start":{"line":212,"column":13},"end":{"line":229,"column":null}}],"line":205},"9":{"loc":{"start":{"line":206,"column":8},"end":{"line":208,"column":null}},"type":"if","locations":[{"start":{"line":206,"column":8},"end":{"line":208,"column":null}},{"start":{},"end":{}}],"line":206},"10":{"loc":{"start":{"line":213,"column":8},"end":{"line":215,"column":null}},"type":"if","locations":[{"start":{"line":213,"column":8},"end":{"line":215,"column":null}},{"start":{},"end":{}}],"line":213},"11":{"loc":{"start":{"line":216,"column":8},"end":{"line":218,"column":null}},"type":"if","locations":[{"start":{"line":216,"column":8},"end":{"line":218,"column":null}},{"start":{},"end":{}}],"line":216},"12":{"loc":{"start":{"line":219,"column":8},"end":{"line":221,"column":null}},"type":"if","locations":[{"start":{"line":219,"column":8},"end":{"line":221,"column":null}},{"start":{},"end":{}}],"line":219}},"s":{"0":28,"1":23,"2":23,"3":23,"4":2,"5":21,"6":21,"7":11,"8":2,"9":9,"10":9,"11":9,"12":1,"13":8,"14":76,"15":76,"16":20,"17":20,"18":20,"19":20,"20":20,"21":1,"22":19,"23":20,"24":19,"25":5,"26":1,"27":4,"28":1,"29":3,"30":3,"31":3,"32":14,"33":9,"34":1,"35":8,"36":8,"37":8,"38":5,"39":1,"40":4,"41":1,"42":3,"43":1,"44":2,"45":2,"46":10,"47":6,"48":6,"49":6,"50":6,"51":4,"52":4,"53":27},"f":{"0":28,"1":23,"2":11,"3":9,"4":76},"b":{"0":[2,21],"1":[2,9],"2":[1,8],"3":[20,19,6,4,27,27],"4":[1,19],"5":[5,14],"6":[1,4],"7":[1,3],"8":[9,5],"9":[1,8],"10":[1,4],"11":[1,3],"12":[1,2]},"meta":{"lastBranch":13,"lastFunction":5,"lastStatement":54,"seen":{"f:99:9:99:30":0,"s:100:2:100:Infinity":0,"f:110:16:110:Infinity":1,"s:115:12:115:Infinity":1,"s:116:12:116:Infinity":2,"b:117:2:119:Infinity:undefined:undefined:undefined:undefined":0,"s:117:2:119:Infinity":3,"s:118:4:118:Infinity":4,"s:120:17:120:Infinity":5,"s:121:2:121:Infinity":6,"f:124:9:124:Infinity":2,"b:129:2:133:Infinity:undefined:undefined:undefined:undefined":1,"s:129:2:133:Infinity":7,"s:130:4:132:Infinity":8,"s:134:17:134:Infinity":9,"f:134:40:134:46":3,"s:134:56:134:89":10,"b:135:2:139:Infinity:undefined:undefined:undefined:undefined":2,"s:135:2:139:Infinity":11,"s:136:4:138:Infinity":12,"s:140:2:140:Infinity":13,"f:158:16:158:Infinity":4,"s:162:23:162:Infinity":14,"b:165:4:192:Infinity:194:4:232:Infinity:234:4:249:Infinity:251:4:258:Infinity:260:4:260:Infinity:261:4:263:Infinity":3,"s:164:2:264:Infinity":15,"s:166:32:170:Infinity":16,"s:171:38:179:Infinity":17,"s:180:6:180:Infinity":18,"s:184:33:184:Infinity":19,"b:185:6:189:Infinity:187:13:189:Infinity":4,"s:185:6:189:Infinity":20,"s:186:8:186:Infinity":21,"s:188:8:188:Infinity":22,"s:191:6:191:Infinity":23,"b:195:6:229:Infinity:205:13:229:Infinity":5,"s:195:6:229:Infinity":24,"b:196:8:198:Infinity:undefined:undefined:undefined:undefined":6,"s:196:8:198:Infinity":25,"s:197:10:197:Infinity":26,"b:199:8:201:Infinity:undefined:undefined:undefined:undefined":7,"s:199:8:201:Infinity":27,"s:200:10:200:Infinity":28,"s:202:23:202:Infinity":29,"s:203:8:203:Infinity":30,"s:204:8:204:Infinity":31,"b:205:13:229:Infinity:212:13:229:Infinity":8,"s:205:13:229:Infinity":32,"b:206:8:208:Infinity:undefined:undefined:undefined:undefined":9,"s:206:8:208:Infinity":33,"s:207:10:207:Infinity":34,"s:209:23:209:Infinity":35,"s:210:25:210:Infinity":36,"s:211:8:211:Infinity":37,"b:213:8:215:Infinity:undefined:undefined:undefined:undefined":10,"s:213:8:215:Infinity":38,"s:214:10:214:Infinity":39,"b:216:8:218:Infinity:undefined:undefined:undefined:undefined":11,"s:216:8:218:Infinity":40,"s:217:10:217:Infinity":41,"b:219:8:221:Infinity:undefined:undefined:undefined:undefined":12,"s:219:8:221:Infinity":42,"s:220:10:220:Infinity":43,"s:222:40:227:Infinity":44,"s:228:8:228:Infinity":45,"s:231:6:231:Infinity":46,"s:237:42:242:Infinity":47,"s:243:6:243:Infinity":48,"s:245:42:247:Infinity":49,"s:248:6:248:Infinity":50,"s:254:42:256:Infinity":51,"s:257:6:257:Infinity":52,"s:262:6:262:Infinity":53},"fnNames":{}}}
,"C:\\Users\\user\\VScode\\Twin v2\\src\\engine\\hazards.ts": {"path":"C:\\Users\\user\\VScode\\Twin v2\\src\\engine\\hazards.ts","statementMap":{"0":{"start":{"line":97,"column":2},"end":{"line":99,"column":null}},"1":{"start":{"line":98,"column":4},"end":{"line":98,"column":null}},"2":{"start":{"line":100,"column":2},"end":{"line":102,"column":null}},"3":{"start":{"line":101,"column":4},"end":{"line":101,"column":null}},"4":{"start":{"line":103,"column":13},"end":{"line":103,"column":null}},"5":{"start":{"line":104,"column":13},"end":{"line":104,"column":null}},"6":{"start":{"line":105,"column":12},"end":{"line":105,"column":null}},"7":{"start":{"line":106,"column":2},"end":{"line":106,"column":null}},"8":{"start":{"line":110,"column":2},"end":{"line":110,"column":null}},"9":{"start":{"line":114,"column":2},"end":{"line":116,"column":null}},"10":{"start":{"line":115,"column":4},"end":{"line":115,"column":null}},"11":{"start":{"line":117,"column":2},"end":{"line":117,"column":null}},"12":{"start":{"line":131,"column":25},"end":{"line":131,"column":null}},"13":{"start":{"line":132,"column":2},"end":{"line":134,"column":null}},"14":{"start":{"line":133,"column":4},"end":{"line":133,"column":null}},"15":{"start":{"line":135,"column":22},"end":{"line":135,"column":null}},"16":{"start":{"line":136,"column":2},"end":{"line":136,"column":null}},"17":{"start":{"line":143,"column":59},"end":{"line":147,"column":null}},"18":{"start":{"line":150,"column":2},"end":{"line":150,"column":null}},"19":{"start":{"line":162,"column":2},"end":{"line":164,"column":null}},"20":{"start":{"line":163,"column":4},"end":{"line":163,"column":null}},"21":{"start":{"line":165,"column":19},"end":{"line":171,"column":null}},"22":{"start":{"line":166,"column":22},"end":{"line":166,"column":78}},"23":{"start":{"line":168,"column":7},"end":{"line":170,"column":null}},"24":{"start":{"line":172,"column":2},"end":{"line":174,"column":null}},"25":{"start":{"line":173,"column":4},"end":{"line":173,"column":null}},"26":{"start":{"line":175,"column":22},"end":{"line":175,"column":null}},"27":{"start":{"line":175,"column":54},"end":{"line":175,"column":74}},"28":{"start":{"line":176,"column":18},"end":{"line":176,"column":null}},"29":{"start":{"line":177,"column":15},"end":{"line":177,"column":null}},"30":{"start":{"line":178,"column":2},"end":{"line":184,"column":null}},"31":{"start":{"line":179,"column":4},"end":{"line":179,"column":null}},"32":{"start":{"line":180,"column":4},"end":{"line":183,"column":null}},"33":{"start":{"line":181,"column":6},"end":{"line":181,"column":null}},"34":{"start":{"line":182,"column":6},"end":{"line":182,"column":null}},"35":{"start":{"line":185,"column":2},"end":{"line":185,"column":null}},"36":{"start":{"line":197,"column":20},"end":{"line":197,"column":null}},"37":{"start":{"line":198,"column":16},"end":{"line":198,"column":null}},"38":{"start":{"line":199,"column":14},"end":{"line":199,"column":null}},"39":{"start":{"line":200,"column":31},"end":{"line":200,"column":null}},"40":{"start":{"line":202,"column":33},"end":{"line":202,"column":null}},"41":{"start":{"line":205,"column":2},"end":{"line":215,"column":null}},"42":{"start":{"line":206,"column":4},"end":{"line":214,"column":null}},"43":{"start":{"line":207,"column":21},"end":{"line":207,"column":null}},"44":{"start":{"line":208,"column":6},"end":{"line":213,"column":null}},"45":{"start":{"line":219,"column":24},"end":{"line":219,"column":null}},"46":{"start":{"line":220,"column":21},"end":{"line":220,"column":null}},"47":{"start":{"line":221,"column":24},"end":{"line":221,"column":null}},"48":{"start":{"line":222,"column":21},"end":{"line":222,"column":null}},"49":{"start":{"line":223,"column":37},"end":{"line":223,"column":null}},"50":{"start":{"line":224,"column":4},"end":{"line":228,"column":null}},"51":{"start":{"line":225,"column":6},"end":{"line":225,"column":null}},"52":{"start":{"line":226,"column":11},"end":{"line":228,"column":null}},"53":{"start":{"line":227,"column":6},"end":{"line":227,"column":null}},"54":{"start":{"line":229,"column":4},"end":{"line":236,"column":null}},"55":{"start":{"line":230,"column":6},"end":{"line":235,"column":null}},"56":{"start":{"line":240,"column":2},"end":{"line":251,"column":null}},"57":{"start":{"line":241,"column":4},"end":{"line":250,"column":null}},"58":{"start":{"line":242,"column":23},"end":{"line":242,"column":null}},"59":{"start":{"line":243,"column":26},"end":{"line":243,"column":null}},"60":{"start":{"line":244,"column":6},"end":{"line":249,"column":null}},"61":{"start":{"line":255,"column":22},"end":{"line":255,"column":null}},"62":{"start":{"line":256,"column":4},"end":{"line":264,"column":null}},"63":{"start":{"line":257,"column":12},"end":{"line":257,"column":null}},"64":{"start":{"line":258,"column":6},"end":{"line":263,"column":null}},"65":{"start":{"line":269,"column":25},"end":{"line":269,"column":null}},"66":{"start":{"line":270,"column":4},"end":{"line":278,"column":null}},"67":{"start":{"line":271,"column":26},"end":{"line":271,"column":null}},"68":{"start":{"line":272,"column":6},"end":{"line":277,"column":null}},"69":{"start":{"line":284,"column":25},"end":{"line":284,"column":null}},"70":{"start":{"line":285,"column":17},"end":{"line":285,"column":null}},"71":{"start":{"line":286,"column":4},"end":{"line":293,"column":null}},"72":{"start":{"line":287,"column":6},"end":{"line":292,"column":null}},"73":{"start":{"line":296,"column":2},"end":{"line":296,"column":null}}},"fnMap":{"0":{"name":"gaussianRandom","decl":{"start":{"line":96,"column":16},"end":{"line":96,"column":31}},"loc":{"start":{"line":96,"column":88},"end":{"line":107,"column":null}},"line":96},"1":{"name":"lognormalRandom","decl":{"start":{"line":109,"column":16},"end":{"line":109,"column":32}},"loc":{"start":{"line":109,"column":86},"end":{"line":111,"column":null}},"line":109},"2":{"name":"exponentialRandom","decl":{"start":{"line":113,"column":16},"end":{"line":113,"column":34}},"loc":{"start":{"line":113,"column":75},"end":{"line":118,"column":null}},"line":113},"3":{"name":"sampleMonthlyIncome","decl":{"start":{"line":126,"column":16},"end":{"line":126,"column":null}},"loc":{"start":{"line":130,"column":10},"end":{"line":137,"column":null}},"line":130},"4":{"name":"roundToNearest100","decl":{"start":{"line":149,"column":9},"end":{"line":149,"column":27}},"loc":{"start":{"line":149,"column":51},"end":{"line":151,"column":null}},"line":149},"5":{"name":"selectJobLossTarget","decl":{"start":{"line":158,"column":9},"end":{"line":158,"column":null}},"loc":{"start":{"line":161,"column":23},"end":{"line":186,"column":null}},"line":161},"6":{"name":"(anonymous_6)","decl":{"start":{"line":166,"column":5},"end":{"line":166,"column":10}},"loc":{"start":{"line":166,"column":22},"end":{"line":166,"column":78}},"line":166},"7":{"name":"(anonymous_7)","decl":{"start":{"line":167,"column":5},"end":{"line":167,"column":11}},"loc":{"start":{"line":168,"column":7},"end":{"line":170,"column":null}},"line":168},"8":{"name":"(anonymous_8)","decl":{"start":{"line":175,"column":31},"end":{"line":175,"column":39}},"loc":{"start":{"line":175,"column":54},"end":{"line":175,"column":74}},"line":175},"9":{"name":"rollMonthlyEvents","decl":{"start":{"line":196,"column":16},"end":{"line":196,"column":34}},"loc":{"start":{"line":196,"column":83},"end":{"line":297,"column":null}},"line":196}},"branchMap":{"0":{"loc":{"start":{"line":97,"column":2},"end":{"line":99,"column":null}},"type":"if","locations":[{"start":{"line":97,"column":2},"end":{"line":99,"column":null}},{"start":{},"end":{}}],"line":97},"1":{"loc":{"start":{"line":100,"column":2},"end":{"line":102,"column":null}},"type":"if","locations":[{"start":{"line":100,"column":2},"end":{"line":102,"column":null}},{"start":{},"end":{}}],"line":100},"2":{"loc":{"start":{"line":100,"column":6},"end":{"line":100,"column":46}},"type":"binary-expr","locations":[{"start":{"line":100,"column":6},"end":{"line":100,"column":34}},{"start":{"line":100,"column":34},"end":{"line":100,"column":46}}],"line":100},"3":{"loc":{"start":{"line":114,"column":2},"end":{"line":116,"column":null}},"type":"if","locations":[{"start":{"line":114,"column":2},"end":{"line":116,"column":null}},{"start":{},"end":{}}],"line":114},"4":{"loc":{"start":{"line":114,"column":6},"end":{"line":114,"column":42}},"type":"binary-expr","locations":[{"start":{"line":114,"column":6},"end":{"line":114,"column":32}},{"start":{"line":114,"column":32},"end":{"line":114,"column":42}}],"line":114},"5":{"loc":{"start":{"line":132,"column":2},"end":{"line":134,"column":null}},"type":"if","locations":[{"start":{"line":132,"column":2},"end":{"line":134,"column":null}},{"start":{},"end":{}}],"line":132},"6":{"loc":{"start":{"line":162,"column":2},"end":{"line":164,"column":null}},"type":"if","locations":[{"start":{"line":162,"column":2},"end":{"line":164,"column":null}},{"start":{},"end":{}}],"line":162},"7":{"loc":{"start":{"line":162,"column":6},"end":{"line":162,"column":53}},"type":"binary-expr","locations":[{"start":{"line":162,"column":6},"end":{"line":162,"column":31}},{"start":{"line":162,"column":31},"end":{"line":162,"column":53}}],"line":162},"8":{"loc":{"start":{"line":168,"column":7},"end":{"line":170,"column":null}},"type":"binary-expr","locations":[{"start":{"line":168,"column":7},"end":{"line":168,"column":null}},{"start":{"line":169,"column":7},"end":{"line":169,"column":null}},{"start":{"line":170,"column":6},"end":{"line":170,"column":null}}],"line":168},"9":{"loc":{"start":{"line":172,"column":2},"end":{"line":174,"column":null}},"type":"if","locations":[{"start":{"line":172,"column":2},"end":{"line":174,"column":null}},{"start":{},"end":{}}],"line":172},"10":{"loc":{"start":{"line":180,"column":4},"end":{"line":183,"column":null}},"type":"if","locations":[{"start":{"line":180,"column":4},"end":{"line":183,"column":null}},{"start":{},"end":{}}],"line":180},"11":{"loc":{"start":{"line":197,"column":20},"end":{"line":197,"column":null}},"type":"binary-expr","locations":[{"start":{"line":197,"column":20},"end":{"line":197,"column":37}},{"start":{"line":197,"column":37},"end":{"line":197,"column":null}}],"line":197},"12":{"loc":{"start":{"line":202,"column":65},"end":{"line":202,"column":null}},"type":"cond-expr","locations":[{"start":{"line":202,"column":93},"end":{"line":202,"column":100}},{"start":{"line":202,"column":100},"end":{"line":202,"column":null}}],"line":202},"13":{"loc":{"start":{"line":205,"column":2},"end":{"line":215,"column":null}},"type":"if","locations":[{"start":{"line":205,"column":2},"end":{"line":215,"column":null}},{"start":{},"end":{}}],"line":205},"14":{"loc":{"start":{"line":206,"column":4},"end":{"line":214,"column":null}},"type":"if","locations":[{"start":{"line":206,"column":4},"end":{"line":214,"column":null}},{"start":{},"end":{}}],"line":206},"15":{"loc":{"start":{"line":212,"column":15},"end":{"line":212,"column":null}},"type":"cond-expr","locations":[{"start":{"line":212,"column":33},"end":{"line":212,"column":46}},{"start":{"line":212,"column":46},"end":{"line":212,"column":null}}],"line":212},"16":{"loc":{"start":{"line":219,"column":60},"end":{"line":219,"column":null}},"type":"cond-expr","locations":[{"start":{"line":219,"column":81},"end":{"line":219,"column":87}},{"start":{"line":219,"column":87},"end":{"line":219,"column":null}}],"line":219},"17":{"loc":{"start":{"line":224,"column":4},"end":{"line":228,"column":null}},"type":"if","locations":[{"start":{"line":224,"column":4},"end":{"line":228,"column":null}},{"start":{"line":226,"column":11},"end":{"line":228,"column":null}}],"line":224},"18":{"loc":{"start":{"line":226,"column":11},"end":{"line":228,"column":null}},"type":"if","locations":[{"start":{"line":226,"column":11},"end":{"line":228,"column":null}},{"start":{},"end":{}}],"line":226},"19":{"loc":{"start":{"line":229,"column":4},"end":{"line":236,"column":null}},"type":"if","locations":[{"start":{"line":229,"column":4},"end":{"line":236,"column":null}},{"start":{},"end":{}}],"line":229},"20":{"loc":{"start":{"line":240,"column":2},"end":{"line":251,"column":null}},"type":"if","locations":[{"start":{"line":240,"column":2},"end":{"line":251,"column":null}},{"start":{},"end":{}}],"line":240},"21":{"loc":{"start":{"line":241,"column":4},"end":{"line":250,"column":null}},"type":"if","locations":[{"start":{"line":241,"column":4},"end":{"line":250,"column":null}},{"start":{},"end":{}}],"line":241},"22":{"loc":{"start":{"line":255,"column":49},"end":{"line":255,"column":null}},"type":"cond-expr","locations":[{"start":{"line":255,"column":80},"end":{"line":255,"column":86}},{"start":{"line":255,"column":86},"end":{"line":255,"column":null}}],"line":255},"23":{"loc":{"start":{"line":256,"column":4},"end":{"line":264,"column":null}},"type":"if","locations":[{"start":{"line":256,"column":4},"end":{"line":264,"column":null}},{"start":{},"end":{}}],"line":256},"24":{"loc":{"start":{"line":269,"column":55},"end":{"line":269,"column":null}},"type":"cond-expr","locations":[{"start":{"line":269,"column":86},"end":{"line":269,"column":92}},{"start":{"line":269,"column":92},"end":{"line":269,"column":null}}],"line":269},"25":{"loc":{"start":{"line":270,"column":4},"end":{"line":278,"column":null}},"type":"if","locations":[{"start":{"line":270,"column":4},"end":{"line":278,"column":null}},{"start":{},"end":{}}],"line":270},"26":{"loc":{"start":{"line":286,"column":4},"end":{"line":293,"column":null}},"type":"if","locations":[{"start":{"line":286,"column":4},"end":{"line":293,"column":null}},{"start":{},"end":{}}],"line":286},"27":{"loc":{"start":{"line":286,"column":8},"end":{"line":286,"column":47}},"type":"binary-expr","locations":[{"start":{"line":286,"column":8},"end":{"line":286,"column":30}},{"start":{"line":286,"column":30},"end":{"line":286,"column":47}}],"line":286}},"s":{"0":469821,"1":1,"2":469820,"3":2,"4":469818,"5":469818,"6":469818,"7":469818,"8":35279,"9":12280,"10":2,"11":12278,"12":117055,"13":117055,"14":7932,"15":109123,"16":109123,"17":4,"18":55485,"19":7820,"20":2239,"21":5581,"22":12545,"23":6964,"24":5581,"25":1919,"26":3662,"27":10626,"28":3662,"29":3662,"30":3662,"31":8150,"32":8150,"33":3662,"34":3662,"35":3662,"36":305414,"37":305414,"38":305414,"39":305414,"40":305414,"41":305414,"42":199982,"43":7820,"44":7820,"45":305414,"46":305414,"47":305414,"48":305414,"49":305414,"50":305414,"51":9007,"52":296407,"53":25278,"54":305414,"55":34285,"56":305414,"57":297761,"58":4488,"59":4488,"60":4488,"61":305414,"62":305414,"63":13001,"64":13001,"65":305414,"66":305414,"67":3709,"68":3709,"69":305414,"70":305414,"71":305414,"72":2,"73":305414},"f":{"0":469821,"1":35279,"2":12280,"3":117055,"4":55485,"5":7820,"6":12545,"7":6964,"8":10626,"9":305414},"b":{"0":[1,469820],"1":[2,469818],"2":[469820,469819],"3":[2,12278],"4":[12280,12279],"5":[7932,109123],"6":[2239,5581],"7":[7820,5582],"8":[6964,600,300],"9":[1919,3662],"10":[3662,4488],"11":[305414,203603],"12":[61743,243671],"13":[199982,105432],"14":[7820,192162],"15":[2239,5581],"16":[105432,199982],"17":[9007,296407],"18":[25278,271129],"19":[34285,271129],"20":[297761,7653],"21":[4488,293273],"22":[4206,301208],"23":[13001,292413],"24":[4206,301208],"25":[3709,301705],"26":[2,305412],"27":[305414,3]},"meta":{"lastBranch":28,"lastFunction":10,"lastStatement":74,"seen":{"f:96:16:96:31":0,"b:97:2:99:Infinity:undefined:undefined:undefined:undefined":0,"s:97:2:99:Infinity":0,"s:98:4:98:Infinity":1,"b:100:2:102:Infinity:undefined:undefined:undefined:undefined":1,"s:100:2:102:Infinity":2,"b:100:6:100:34:100:34:100:46":2,"s:101:4:101:Infinity":3,"s:103:13:103:Infinity":4,"s:104:13:104:Infinity":5,"s:105:12:105:Infinity":6,"s:106:2:106:Infinity":7,"f:109:16:109:32":1,"s:110:2:110:Infinity":8,"f:113:16:113:34":2,"b:114:2:116:Infinity:undefined:undefined:undefined:undefined":3,"s:114:2:116:Infinity":9,"b:114:6:114:32:114:32:114:42":4,"s:115:4:115:Infinity":10,"s:117:2:117:Infinity":11,"f:126:16:126:Infinity":3,"s:131:25:131:Infinity":12,"b:132:2:134:Infinity:undefined:undefined:undefined:undefined":5,"s:132:2:134:Infinity":13,"s:133:4:133:Infinity":14,"s:135:22:135:Infinity":15,"s:136:2:136:Infinity":16,"s:143:59:147:Infinity":17,"f:149:9:149:27":4,"s:150:2:150:Infinity":18,"f:158:9:158:Infinity":5,"b:162:2:164:Infinity:undefined:undefined:undefined:undefined":6,"s:162:2:164:Infinity":19,"b:162:6:162:31:162:31:162:53":7,"s:163:4:163:Infinity":20,"s:165:19:171:Infinity":21,"f:166:5:166:10":6,"s:166:22:166:78":22,"f:167:5:167:11":7,"s:168:7:170:Infinity":23,"b:168:7:168:Infinity:169:7:169:Infinity:170:6:170:Infinity":8,"b:172:2:174:Infinity:undefined:undefined:undefined:undefined":9,"s:172:2:174:Infinity":24,"s:173:4:173:Infinity":25,"s:175:22:175:Infinity":26,"f:175:31:175:39":8,"s:175:54:175:74":27,"s:176:18:176:Infinity":28,"s:177:15:177:Infinity":29,"s:178:2:184:Infinity":30,"s:179:4:179:Infinity":31,"b:180:4:183:Infinity:undefined:undefined:undefined:undefined":10,"s:180:4:183:Infinity":32,"s:181:6:181:Infinity":33,"s:182:6:182:Infinity":34,"s:185:2:185:Infinity":35,"f:196:16:196:34":9,"s:197:20:197:Infinity":36,"b:197:20:197:37:197:37:197:Infinity":11,"s:198:16:198:Infinity":37,"s:199:14:199:Infinity":38,"s:200:31:200:Infinity":39,"s:202:33:202:Infinity":40,"b:202:93:202:100:202:100:202:Infinity":12,"b:205:2:215:Infinity:undefined:undefined:undefined:undefined":13,"s:205:2:215:Infinity":41,"b:206:4:214:Infinity:undefined:undefined:undefined:undefined":14,"s:206:4:214:Infinity":42,"s:207:21:207:Infinity":43,"s:208:6:213:Infinity":44,"b:212:33:212:46:212:46:212:Infinity":15,"s:219:24:219:Infinity":45,"b:219:81:219:87:219:87:219:Infinity":16,"s:220:21:220:Infinity":46,"s:221:24:221:Infinity":47,"s:222:21:222:Infinity":48,"s:223:37:223:Infinity":49,"b:224:4:228:Infinity:226:11:228:Infinity":17,"s:224:4:228:Infinity":50,"s:225:6:225:Infinity":51,"b:226:11:228:Infinity:undefined:undefined:undefined:undefined":18,"s:226:11:228:Infinity":52,"s:227:6:227:Infinity":53,"b:229:4:236:Infinity:undefined:undefined:undefined:undefined":19,"s:229:4:236:Infinity":54,"s:230:6:235:Infinity":55,"b:240:2:251:Infinity:undefined:undefined:undefined:undefined":20,"s:240:2:251:Infinity":56,"b:241:4:250:Infinity:undefined:undefined:undefined:undefined":21,"s:241:4:250:Infinity":57,"s:242:23:242:Infinity":58,"s:243:26:243:Infinity":59,"s:244:6:249:Infinity":60,"s:255:22:255:Infinity":61,"b:255:80:255:86:255:86:255:Infinity":22,"b:256:4:264:Infinity:undefined:undefined:undefined:undefined":23,"s:256:4:264:Infinity":62,"s:257:12:257:Infinity":63,"s:258:6:263:Infinity":64,"s:269:25:269:Infinity":65,"b:269:86:269:92:269:92:269:Infinity":24,"b:270:4:278:Infinity:undefined:undefined:undefined:undefined":25,"s:270:4:278:Infinity":66,"s:271:26:271:Infinity":67,"s:272:6:277:Infinity":68,"s:284:25:284:Infinity":69,"s:285:17:285:Infinity":70,"b:286:4:293:Infinity:undefined:undefined:undefined:undefined":26,"s:286:4:293:Infinity":71,"b:286:8:286:30:286:30:286:47":27,"s:287:6:292:Infinity":72,"s:296:2:296:Infinity":73},"fnNames":{}}}
,"C:\\Users\\user\\VScode\\Twin v2\\src\\engine\\narrative.ts": {"path":"C:\\Users\\user\\VScode\\Twin v2\\src\\engine\\narrative.ts","statementMap":{"0":{"start":{"line":37,"column":32},"end":{"line":37,"column":null}},"1":{"start":{"line":39,"column":27},"end":{"line":39,"column":null}},"2":{"start":{"line":41,"column":26},"end":{"line":41,"column":null}},"3":{"start":{"line":42,"column":26},"end":{"line":42,"column":null}},"4":{"start":{"line":43,"column":28},"end":{"line":43,"column":null}},"5":{"start":{"line":44,"column":28},"end":{"line":44,"column":null}},"6":{"start":{"line":48,"column":22},"end":{"line":48,"column":null}},"7":{"start":{"line":49,"column":26},"end":{"line":49,"column":null}},"8":{"start":{"line":50,"column":27},"end":{"line":50,"column":null}},"9":{"start":{"line":51,"column":29},"end":{"line":51,"column":null}},"10":{"start":{"line":52,"column":22},"end":{"line":52,"column":null}},"11":{"start":{"line":53,"column":19},"end":{"line":53,"column":null}},"12":{"start":{"line":56,"column":2},"end":{"line":56,"column":null}},"13":{"start":{"line":65,"column":2},"end":{"line":67,"column":null}},"14":{"start":{"line":66,"column":4},"end":{"line":66,"column":null}},"15":{"start":{"line":68,"column":27},"end":{"line":68,"column":null}},"16":{"start":{"line":69,"column":2},"end":{"line":71,"column":null}},"17":{"start":{"line":70,"column":4},"end":{"line":70,"column":null}},"18":{"start":{"line":72,"column":2},"end":{"line":72,"column":null}},"19":{"start":{"line":77,"column":2},"end":{"line":95,"column":null}},"20":{"start":{"line":79,"column":6},"end":{"line":79,"column":null}},"21":{"start":{"line":81,"column":6},"end":{"line":83,"column":null}},"22":{"start":{"line":82,"column":8},"end":{"line":82,"column":null}},"23":{"start":{"line":85,"column":6},"end":{"line":85,"column":null}},"24":{"start":{"line":87,"column":6},"end":{"line":87,"column":null}},"25":{"start":{"line":89,"column":6},"end":{"line":89,"column":null}},"26":{"start":{"line":91,"column":6},"end":{"line":91,"column":null}},"27":{"start":{"line":94,"column":6},"end":{"line":94,"column":null}},"28":{"start":{"line":99,"column":36},"end":{"line":99,"column":null}},"29":{"start":{"line":100,"column":21},"end":{"line":100,"column":null}},"30":{"start":{"line":101,"column":2},"end":{"line":107,"column":null}},"31":{"start":{"line":102,"column":17},"end":{"line":102,"column":null}},"32":{"start":{"line":103,"column":4},"end":{"line":106,"column":null}},"33":{"start":{"line":104,"column":6},"end":{"line":104,"column":null}},"34":{"start":{"line":105,"column":6},"end":{"line":105,"column":null}},"35":{"start":{"line":108,"column":2},"end":{"line":108,"column":null}},"36":{"start":{"line":113,"column":17},"end":{"line":113,"column":null}},"37":{"start":{"line":114,"column":2},"end":{"line":119,"column":null}},"38":{"start":{"line":114,"column":19},"end":{"line":114,"column":34}},"39":{"start":{"line":115,"column":4},"end":{"line":117,"column":null}},"40":{"start":{"line":116,"column":6},"end":{"line":116,"column":null}},"41":{"start":{"line":118,"column":4},"end":{"line":118,"column":null}},"42":{"start":{"line":120,"column":2},"end":{"line":120,"column":null}},"43":{"start":{"line":128,"column":22},"end":{"line":130,"column":null}},"44":{"start":{"line":131,"column":20},"end":{"line":131,"column":null}},"45":{"start":{"line":132,"column":2},"end":{"line":137,"column":null}},"46":{"start":{"line":146,"column":2},"end":{"line":151,"column":null}},"47":{"start":{"line":159,"column":16},"end":{"line":159,"column":null}},"48":{"start":{"line":160,"column":2},"end":{"line":197,"column":null}},"49":{"start":{"line":162,"column":6},"end":{"line":162,"column":null}},"50":{"start":{"line":164,"column":6},"end":{"line":171,"column":null}},"51":{"start":{"line":165,"column":8},"end":{"line":170,"column":null}},"52":{"start":{"line":174,"column":6},"end":{"line":174,"column":null}},"53":{"start":{"line":176,"column":6},"end":{"line":181,"column":null}},"54":{"start":{"line":183,"column":6},"end":{"line":188,"column":null}},"55":{"start":{"line":191,"column":6},"end":{"line":196,"column":null}},"56":{"start":{"line":205,"column":2},"end":{"line":212,"column":null}},"57":{"start":{"line":206,"column":4},"end":{"line":211,"column":null}},"58":{"start":{"line":214,"column":17},"end":{"line":214,"column":null}},"59":{"start":{"line":215,"column":2},"end":{"line":217,"column":null}},"60":{"start":{"line":216,"column":4},"end":{"line":216,"column":null}},"61":{"start":{"line":219,"column":2},"end":{"line":221,"column":null}},"62":{"start":{"line":220,"column":4},"end":{"line":220,"column":null}},"63":{"start":{"line":223,"column":2},"end":{"line":225,"column":null}},"64":{"start":{"line":224,"column":4},"end":{"line":224,"column":null}},"65":{"start":{"line":227,"column":2},"end":{"line":229,"column":null}},"66":{"start":{"line":228,"column":4},"end":{"line":228,"column":null}},"67":{"start":{"line":231,"column":2},"end":{"line":231,"column":null}},"68":{"start":{"line":235,"column":33},"end":{"line":235,"column":null}},"69":{"start":{"line":236,"column":2},"end":{"line":241,"column":null}},"70":{"start":{"line":237,"column":17},"end":{"line":237,"column":null}},"71":{"start":{"line":238,"column":4},"end":{"line":240,"column":null}},"72":{"start":{"line":239,"column":6},"end":{"line":239,"column":null}},"73":{"start":{"line":242,"column":2},"end":{"line":242,"column":null}},"74":{"start":{"line":253,"column":17},"end":{"line":253,"column":null}},"75":{"start":{"line":255,"column":2},"end":{"line":277,"column":null}},"76":{"start":{"line":256,"column":4},"end":{"line":276,"column":null}},"77":{"start":{"line":257,"column":6},"end":{"line":257,"column":null}},"78":{"start":{"line":258,"column":11},"end":{"line":276,"column":null}},"79":{"start":{"line":259,"column":6},"end":{"line":259,"column":null}},"80":{"start":{"line":260,"column":11},"end":{"line":276,"column":null}},"81":{"start":{"line":261,"column":21},"end":{"line":261,"column":null}},"82":{"start":{"line":262,"column":19},"end":{"line":262,"column":null}},"83":{"start":{"line":262,"column":48},"end":{"line":262,"column":67}},"84":{"start":{"line":263,"column":6},"end":{"line":265,"column":null}},"85":{"start":{"line":264,"column":8},"end":{"line":264,"column":null}},"86":{"start":{"line":266,"column":6},"end":{"line":266,"column":null}},"87":{"start":{"line":267,"column":11},"end":{"line":276,"column":null}},"88":{"start":{"line":268,"column":29},"end":{"line":268,"column":null}},"89":{"start":{"line":269,"column":21},"end":{"line":269,"column":null}},"90":{"start":{"line":269,"column":58},"end":{"line":269,"column":85}},"91":{"start":{"line":270,"column":6},"end":{"line":272,"column":null}},"92":{"start":{"line":271,"column":8},"end":{"line":271,"column":null}},"93":{"start":{"line":273,"column":6},"end":{"line":273,"column":null}},"94":{"start":{"line":275,"column":6},"end":{"line":275,"column":null}},"95":{"start":{"line":279,"column":2},"end":{"line":279,"column":null}}},"fnMap":{"0":{"name":"hasTailMedicalAmount","decl":{"start":{"line":55,"column":9},"end":{"line":55,"column":30}},"loc":{"start":{"line":55,"column":58},"end":{"line":57,"column":null}},"line":55},"1":{"name":"isMeaningfulBonus","decl":{"start":{"line":64,"column":9},"end":{"line":64,"column":27}},"loc":{"start":{"line":64,"column":86},"end":{"line":73,"column":null}},"line":64},"2":{"name":"rankEvent","decl":{"start":{"line":76,"column":9},"end":{"line":76,"column":19}},"loc":{"start":{"line":76,"column":84},"end":{"line":96,"column":null}},"line":76},"3":{"name":"selectHighestSeverityEvent","decl":{"start":{"line":98,"column":9},"end":{"line":98,"column":36}},"loc":{"start":{"line":98,"column":86},"end":{"line":109,"column":null}},"line":98},"4":{"name":"unemploymentDuration","decl":{"start":{"line":112,"column":9},"end":{"line":112,"column":30}},"loc":{"start":{"line":112,"column":89},"end":{"line":121,"column":null}},"line":112},"5":{"name":"jobLossLine","decl":{"start":{"line":123,"column":9},"end":{"line":123,"column":null}},"loc":{"start":{"line":127,"column":17},"end":{"line":138,"column":null}},"line":127},"6":{"name":"fundDrawLine","decl":{"start":{"line":145,"column":9},"end":{"line":145,"column":22}},"loc":{"start":{"line":145,"column":97},"end":{"line":152,"column":null}},"line":145},"7":{"name":"eventLine","decl":{"start":{"line":154,"column":9},"end":{"line":154,"column":null}},"loc":{"start":{"line":158,"column":17},"end":{"line":198,"column":null}},"line":158},"8":{"name":"buildMonthlyLine","decl":{"start":{"line":200,"column":9},"end":{"line":200,"column":null}},"loc":{"start":{"line":203,"column":24},"end":{"line":232,"column":null}},"line":203},"9":{"name":"generateNarrative","decl":{"start":{"line":234,"column":16},"end":{"line":234,"column":34}},"loc":{"start":{"line":234,"column":83},"end":{"line":243,"column":null}},"line":234},"10":{"name":"applyForkEdits","decl":{"start":{"line":249,"column":16},"end":{"line":249,"column":null}},"loc":{"start":{"line":252,"column":21},"end":{"line":280,"column":null}},"line":252},"11":{"name":"(anonymous_11)","decl":{"start":{"line":262,"column":32},"end":{"line":262,"column":38}},"loc":{"start":{"line":262,"column":48},"end":{"line":262,"column":67}},"line":262},"12":{"name":"(anonymous_12)","decl":{"start":{"line":269,"column":42},"end":{"line":269,"column":48}},"loc":{"start":{"line":269,"column":58},"end":{"line":269,"column":85}},"line":269}},"branchMap":{"0":{"loc":{"start":{"line":65,"column":2},"end":{"line":67,"column":null}},"type":"if","locations":[{"start":{"line":65,"column":2},"end":{"line":67,"column":null}},{"start":{},"end":{}}],"line":65},"1":{"loc":{"start":{"line":69,"column":2},"end":{"line":71,"column":null}},"type":"if","locations":[{"start":{"line":69,"column":2},"end":{"line":71,"column":null}},{"start":{},"end":{}}],"line":69},"2":{"loc":{"start":{"line":77,"column":2},"end":{"line":95,"column":null}},"type":"switch","locations":[{"start":{"line":78,"column":4},"end":{"line":79,"column":null}},{"start":{"line":80,"column":4},"end":{"line":85,"column":null}},{"start":{"line":86,"column":4},"end":{"line":87,"column":null}},{"start":{"line":88,"column":4},"end":{"line":89,"column":null}},{"start":{"line":90,"column":4},"end":{"line":91,"column":null}},{"start":{"line":92,"column":4},"end":{"line":94,"column":null}}],"line":77},"3":{"loc":{"start":{"line":81,"column":6},"end":{"line":83,"column":null}},"type":"if","locations":[{"start":{"line":81,"column":6},"end":{"line":83,"column":null}},{"start":{},"end":{}}],"line":81},"4":{"loc":{"start":{"line":85,"column":13},"end":{"line":85,"column":null}},"type":"cond-expr","locations":[{"start":{"line":85,"column":56},"end":{"line":85,"column":79}},{"start":{"line":85,"column":79},"end":{"line":85,"column":null}}],"line":85},"5":{"loc":{"start":{"line":91,"column":13},"end":{"line":91,"column":null}},"type":"cond-expr","locations":[{"start":{"line":91,"column":52},"end":{"line":91,"column":65}},{"start":{"line":91,"column":65},"end":{"line":91,"column":null}}],"line":91},"6":{"loc":{"start":{"line":103,"column":4},"end":{"line":106,"column":null}},"type":"if","locations":[{"start":{"line":103,"column":4},"end":{"line":106,"column":null}},{"start":{},"end":{}}],"line":103},"7":{"loc":{"start":{"line":103,"column":8},"end":{"line":103,"column":46}},"type":"binary-expr","locations":[{"start":{"line":103,"column":8},"end":{"line":103,"column":25}},{"start":{"line":103,"column":25},"end":{"line":103,"column":46}}],"line":103},"8":{"loc":{"start":{"line":115,"column":4},"end":{"line":117,"column":null}},"type":"if","locations":[{"start":{"line":115,"column":4},"end":{"line":117,"column":null}},{"start":{},"end":{}}],"line":115},"9":{"loc":{"start":{"line":128,"column":22},"end":{"line":130,"column":null}},"type":"cond-expr","locations":[{"start":{"line":129,"column":6},"end":{"line":129,"column":null}},{"start":{"line":130,"column":6},"end":{"line":130,"column":null}}],"line":128},"10":{"loc":{"start":{"line":160,"column":2},"end":{"line":197,"column":null}},"type":"switch","locations":[{"start":{"line":161,"column":4},"end":{"line":162,"column":null}},{"start":{"line":163,"column":4},"end":{"line":174,"column":null}},{"start":{"line":175,"column":4},"end":{"line":181,"column":null}},{"start":{"line":182,"column":4},"end":{"line":188,"column":null}},{"start":{"line":189,"column":4},"end":{"line":196,"column":null}}],"line":160},"11":{"loc":{"start":{"line":164,"column":6},"end":{"line":171,"column":null}},"type":"if","locations":[{"start":{"line":164,"column":6},"end":{"line":171,"column":null}},{"start":{},"end":{}}],"line":164},"12":{"loc":{"start":{"line":205,"column":2},"end":{"line":212,"column":null}},"type":"if","locations":[{"start":{"line":205,"column":2},"end":{"line":212,"column":null}},{"start":{},"end":{}}],"line":205},"13":{"loc":{"start":{"line":215,"column":2},"end":{"line":217,"column":null}},"type":"if","locations":[{"start":{"line":215,"column":2},"end":{"line":217,"column":null}},{"start":{},"end":{}}],"line":215},"14":{"loc":{"start":{"line":219,"column":2},"end":{"line":221,"column":null}},"type":"if","locations":[{"start":{"line":219,"column":2},"end":{"line":221,"column":null}},{"start":{},"end":{}}],"line":219},"15":{"loc":{"start":{"line":223,"column":2},"end":{"line":225,"column":null}},"type":"if","locations":[{"start":{"line":223,"column":2},"end":{"line":225,"column":null}},{"start":{},"end":{}}],"line":223},"16":{"loc":{"start":{"line":227,"column":2},"end":{"line":229,"column":null}},"type":"if","locations":[{"start":{"line":227,"column":2},"end":{"line":229,"column":null}},{"start":{},"end":{}}],"line":227},"17":{"loc":{"start":{"line":238,"column":4},"end":{"line":240,"column":null}},"type":"if","locations":[{"start":{"line":238,"column":4},"end":{"line":240,"column":null}},{"start":{},"end":{}}],"line":238},"18":{"loc":{"start":{"line":256,"column":4},"end":{"line":276,"column":null}},"type":"if","locations":[{"start":{"line":256,"column":4},"end":{"line":276,"column":null}},{"start":{"line":258,"column":11},"end":{"line":276,"column":null}}],"line":256},"19":{"loc":{"start":{"line":258,"column":11},"end":{"line":276,"column":null}},"type":"if","locations":[{"start":{"line":258,"column":11},"end":{"line":276,"column":null}},{"start":{"line":260,"column":11},"end":{"line":276,"column":null}}],"line":258},"20":{"loc":{"start":{"line":260,"column":11},"end":{"line":276,"column":null}},"type":"if","locations":[{"start":{"line":260,"column":11},"end":{"line":276,"column":null}},{"start":{"line":267,"column":11},"end":{"line":276,"column":null}}],"line":260},"21":{"loc":{"start":{"line":260,"column":15},"end":{"line":260,"column":99}},"type":"binary-expr","locations":[{"start":{"line":260,"column":15},"end":{"line":260,"column":59}},{"start":{"line":260,"column":59},"end":{"line":260,"column":99}}],"line":260},"22":{"loc":{"start":{"line":263,"column":6},"end":{"line":265,"column":null}},"type":"if","locations":[{"start":{"line":263,"column":6},"end":{"line":265,"column":null}},{"start":{},"end":{}}],"line":263},"23":{"loc":{"start":{"line":267,"column":11},"end":{"line":276,"column":null}},"type":"if","locations":[{"start":{"line":267,"column":11},"end":{"line":276,"column":null}},{"start":{"line":274,"column":11},"end":{"line":276,"column":null}}],"line":267},"24":{"loc":{"start":{"line":267,"column":15},"end":{"line":267,"column":103}},"type":"binary-expr","locations":[{"start":{"line":267,"column":15},"end":{"line":267,"column":61}},{"start":{"line":267,"column":61},"end":{"line":267,"column":103}}],"line":267},"25":{"loc":{"start":{"line":270,"column":6},"end":{"line":272,"column":null}},"type":"if","locations":[{"start":{"line":270,"column":6},"end":{"line":272,"column":null}},{"start":{},"end":{}}],"line":270}},"s":{"0":2,"1":2,"2":2,"3":2,"4":2,"5":2,"6":2,"7":2,"8":2,"9":2,"10":2,"11":2,"12":7,"13":5,"14":1,"15":4,"16":4,"17":2,"18":2,"19":20,"20":5,"21":5,"22":1,"23":4,"24":2,"25":2,"26":5,"27":1,"28":251,"29":251,"30":251,"31":20,"32":20,"33":12,"34":12,"35":251,"36":5,"37":5,"38":5,"39":15,"40":2,"41":13,"42":5,"43":5,"44":5,"45":5,"46":25,"47":11,"48":11,"49":5,"50":2,"51":1,"52":1,"53":2,"54":1,"55":1,"56":252,"57":1,"58":251,"59":251,"60":11,"61":240,"62":24,"63":216,"64":19,"65":197,"66":19,"67":178,"68":21,"69":21,"70":252,"71":252,"72":74,"73":21,"74":8,"75":8,"76":10,"77":2,"78":8,"79":1,"80":7,"81":2,"82":2,"83":3,"84":2,"85":1,"86":1,"87":5,"88":2,"89":2,"90":4,"91":2,"92":1,"93":1,"94":3,"95":3},"f":{"0":7,"1":5,"2":20,"3":251,"4":5,"5":5,"6":25,"7":11,"8":252,"9":21,"10":8,"11":3,"12":4},"b":{"0":[1,4],"1":[2,2],"2":[5,5,2,2,5,1],"3":[1,4],"4":[1,3],"5":[1,4],"6":[12,8],"7":[20,12],"8":[2,13],"9":[4,1],"10":[5,2,2,1,1],"11":[1,1],"12":[1,251],"13":[11,240],"14":[24,216],"15":[19,197],"16":[19,178],"17":[74,178],"18":[2,8],"19":[1,7],"20":[2,5],"21":[7,3],"22":[1,1],"23":[2,3],"24":[5,3],"25":[1,1]},"meta":{"lastBranch":26,"lastFunction":13,"lastStatement":96,"seen":{"s:37:32:37:Infinity":0,"s:39:27:39:Infinity":1,"s:41:26:41:Infinity":2,"s:42:26:42:Infinity":3,"s:43:28:43:Infinity":4,"s:44:28:44:Infinity":5,"s:48:22:48:Infinity":6,"s:49:26:49:Infinity":7,"s:50:27:50:Infinity":8,"s:51:29:51:Infinity":9,"s:52:22:52:Infinity":10,"s:53:19:53:Infinity":11,"f:55:9:55:30":0,"s:56:2:56:Infinity":12,"f:64:9:64:27":1,"b:65:2:67:Infinity:undefined:undefined:undefined:undefined":0,"s:65:2:67:Infinity":13,"s:66:4:66:Infinity":14,"s:68:27:68:Infinity":15,"b:69:2:71:Infinity:undefined:undefined:undefined:undefined":1,"s:69:2:71:Infinity":16,"s:70:4:70:Infinity":17,"s:72:2:72:Infinity":18,"f:76:9:76:19":2,"b:78:4:79:Infinity:80:4:85:Infinity:86:4:87:Infinity:88:4:89:Infinity:90:4:91:Infinity:92:4:94:Infinity":2,"s:77:2:95:Infinity":19,"s:79:6:79:Infinity":20,"b:81:6:83:Infinity:undefined:undefined:undefined:undefined":3,"s:81:6:83:Infinity":21,"s:82:8:82:Infinity":22,"s:85:6:85:Infinity":23,"b:85:56:85:79:85:79:85:Infinity":4,"s:87:6:87:Infinity":24,"s:89:6:89:Infinity":25,"s:91:6:91:Infinity":26,"b:91:52:91:65:91:65:91:Infinity":5,"s:94:6:94:Infinity":27,"f:98:9:98:36":3,"s:99:36:99:Infinity":28,"s:100:21:100:Infinity":29,"s:101:2:107:Infinity":30,"s:102:17:102:Infinity":31,"b:103:4:106:Infinity:undefined:undefined:undefined:undefined":6,"s:103:4:106:Infinity":32,"b:103:8:103:25:103:25:103:46":7,"s:104:6:104:Infinity":33,"s:105:6:105:Infinity":34,"s:108:2:108:Infinity":35,"f:112:9:112:30":4,"s:113:17:113:Infinity":36,"s:114:2:119:Infinity":37,"s:114:19:114:34":38,"b:115:4:117:Infinity:undefined:undefined:undefined:undefined":8,"s:115:4:117:Infinity":39,"s:116:6:116:Infinity":40,"s:118:4:118:Infinity":41,"s:120:2:120:Infinity":42,"f:123:9:123:Infinity":5,"s:128:22:130:Infinity":43,"b:129:6:129:Infinity:130:6:130:Infinity":9,"s:131:20:131:Infinity":44,"s:132:2:137:Infinity":45,"f:145:9:145:22":6,"s:146:2:151:Infinity":46,"f:154:9:154:Infinity":7,"s:159:16:159:Infinity":47,"b:161:4:162:Infinity:163:4:174:Infinity:175:4:181:Infinity:182:4:188:Infinity:189:4:196:Infinity":10,"s:160:2:197:Infinity":48,"s:162:6:162:Infinity":49,"b:164:6:171:Infinity:undefined:undefined:undefined:undefined":11,"s:164:6:171:Infinity":50,"s:165:8:170:Infinity":51,"s:174:6:174:Infinity":52,"s:176:6:181:Infinity":53,"s:183:6:188:Infinity":54,"s:191:6:196:Infinity":55,"f:200:9:200:Infinity":8,"b:205:2:212:Infinity:undefined:undefined:undefined:undefined":12,"s:205:2:212:Infinity":56,"s:206:4:211:Infinity":57,"s:214:17:214:Infinity":58,"b:215:2:217:Infinity:undefined:undefined:undefined:undefined":13,"s:215:2:217:Infinity":59,"s:216:4:216:Infinity":60,"b:219:2:221:Infinity:undefined:undefined:undefined:undefined":14,"s:219:2:221:Infinity":61,"s:220:4:220:Infinity":62,"b:223:2:225:Infinity:undefined:undefined:undefined:undefined":15,"s:223:2:225:Infinity":63,"s:224:4:224:Infinity":64,"b:227:2:229:Infinity:undefined:undefined:undefined:undefined":16,"s:227:2:229:Infinity":65,"s:228:4:228:Infinity":66,"s:231:2:231:Infinity":67,"f:234:16:234:34":9,"s:235:33:235:Infinity":68,"s:236:2:241:Infinity":69,"s:237:17:237:Infinity":70,"b:238:4:240:Infinity:undefined:undefined:undefined:undefined":17,"s:238:4:240:Infinity":71,"s:239:6:239:Infinity":72,"s:242:2:242:Infinity":73,"f:249:16:249:Infinity":10,"s:253:17:253:Infinity":74,"s:255:2:277:Infinity":75,"b:256:4:276:Infinity:258:11:276:Infinity":18,"s:256:4:276:Infinity":76,"s:257:6:257:Infinity":77,"b:258:11:276:Infinity:260:11:276:Infinity":19,"s:258:11:276:Infinity":78,"s:259:6:259:Infinity":79,"b:260:11:276:Infinity:267:11:276:Infinity":20,"s:260:11:276:Infinity":80,"b:260:15:260:59:260:59:260:99":21,"s:261:21:261:Infinity":81,"s:262:19:262:Infinity":82,"f:262:32:262:38":11,"s:262:48:262:67":83,"b:263:6:265:Infinity:undefined:undefined:undefined:undefined":22,"s:263:6:265:Infinity":84,"s:264:8:264:Infinity":85,"s:266:6:266:Infinity":86,"b:267:11:276:Infinity:274:11:276:Infinity":23,"s:267:11:276:Infinity":87,"b:267:15:267:61:267:61:267:103":24,"s:268:29:268:Infinity":88,"s:269:21:269:Infinity":89,"f:269:42:269:48":12,"s:269:58:269:85":90,"b:270:6:272:Infinity:undefined:undefined:undefined:undefined":25,"s:270:6:272:Infinity":91,"s:271:8:271:Infinity":92,"s:273:6:273:Infinity":93,"s:275:6:275:Infinity":94,"s:279:2:279:Infinity":95},"fnNames":{}}}
,"C:\\Users\\user\\VScode\\Twin v2\\src\\engine\\responsePolicy.ts": {"path":"C:\\Users\\user\\VScode\\Twin v2\\src\\engine\\responsePolicy.ts","statementMap":{"0":{"start":{"line":25,"column":27},"end":{"line":25,"column":null}},"1":{"start":{"line":50,"column":23},"end":{"line":50,"column":null}},"2":{"start":{"line":50,"column":44},"end":{"line":50,"column":76}},"3":{"start":{"line":51,"column":19},"end":{"line":51,"column":null}},"4":{"start":{"line":52,"column":2},"end":{"line":54,"column":null}},"5":{"start":{"line":53,"column":4},"end":{"line":53,"column":null}},"6":{"start":{"line":56,"column":58},"end":{"line":56,"column":null}},"7":{"start":{"line":57,"column":26},"end":{"line":57,"column":null}},"8":{"start":{"line":58,"column":26},"end":{"line":58,"column":null}},"9":{"start":{"line":59,"column":27},"end":{"line":59,"column":null}},"10":{"start":{"line":60,"column":26},"end":{"line":60,"column":null}},"11":{"start":{"line":61,"column":19},"end":{"line":61,"column":null}},"12":{"start":{"line":62,"column":18},"end":{"line":62,"column":null}},"13":{"start":{"line":65,"column":2},"end":{"line":113,"column":null}},"14":{"start":{"line":67,"column":4},"end":{"line":67,"column":null}},"15":{"start":{"line":70,"column":29},"end":{"line":70,"column":null}},"16":{"start":{"line":71,"column":4},"end":{"line":71,"column":null}},"17":{"start":{"line":72,"column":4},"end":{"line":72,"column":null}},"18":{"start":{"line":76,"column":4},"end":{"line":80,"column":null}},"19":{"start":{"line":77,"column":6},"end":{"line":77,"column":null}},"20":{"start":{"line":78,"column":6},"end":{"line":78,"column":null}},"21":{"start":{"line":79,"column":6},"end":{"line":79,"column":null}},"22":{"start":{"line":83,"column":4},"end":{"line":104,"column":null}},"23":{"start":{"line":84,"column":6},"end":{"line":103,"column":null}},"24":{"start":{"line":85,"column":8},"end":{"line":90,"column":null}},"25":{"start":{"line":87,"column":10},"end":{"line":87,"column":null}},"26":{"start":{"line":88,"column":10},"end":{"line":88,"column":null}},"27":{"start":{"line":89,"column":10},"end":{"line":89,"column":null}},"28":{"start":{"line":91,"column":23},"end":{"line":91,"column":null}},"29":{"start":{"line":92,"column":8},"end":{"line":94,"column":null}},"30":{"start":{"line":93,"column":10},"end":{"line":93,"column":null}},"31":{"start":{"line":95,"column":8},"end":{"line":97,"column":null}},"32":{"start":{"line":96,"column":10},"end":{"line":96,"column":null}},"33":{"start":{"line":99,"column":8},"end":{"line":99,"column":null}},"34":{"start":{"line":100,"column":8},"end":{"line":100,"column":null}},"35":{"start":{"line":101,"column":8},"end":{"line":101,"column":null}},"36":{"start":{"line":102,"column":8},"end":{"line":102,"column":null}},"37":{"start":{"line":108,"column":4},"end":{"line":110,"column":null}},"38":{"start":{"line":109,"column":6},"end":{"line":109,"column":null}},"39":{"start":{"line":112,"column":4},"end":{"line":112,"column":null}},"40":{"start":{"line":119,"column":53},"end":{"line":119,"column":null}},"41":{"start":{"line":120,"column":2},"end":{"line":124,"column":null}},"42":{"start":{"line":121,"column":24},"end":{"line":121,"column":null}},"43":{"start":{"line":122,"column":20},"end":{"line":122,"column":null}},"44":{"start":{"line":123,"column":4},"end":{"line":123,"column":null}},"45":{"start":{"line":128,"column":2},"end":{"line":131,"column":null}},"46":{"start":{"line":129,"column":24},"end":{"line":129,"column":null}},"47":{"start":{"line":130,"column":4},"end":{"line":130,"column":null}},"48":{"start":{"line":133,"column":2},"end":{"line":143,"column":null}}},"fnMap":{"0":{"name":"applyResponsePolicy","decl":{"start":{"line":40,"column":16},"end":{"line":40,"column":null}},"loc":{"start":{"line":48,"column":16},"end":{"line":144,"column":null}},"line":48},"1":{"name":"(anonymous_1)","decl":{"start":{"line":50,"column":29},"end":{"line":50,"column":34}},"loc":{"start":{"line":50,"column":44},"end":{"line":50,"column":76}},"line":50}},"branchMap":{"0":{"loc":{"start":{"line":62,"column":18},"end":{"line":62,"column":null}},"type":"cond-expr","locations":[{"start":{"line":62,"column":43},"end":{"line":62,"column":65}},{"start":{"line":62,"column":65},"end":{"line":62,"column":null}}],"line":62},"1":{"loc":{"start":{"line":65,"column":2},"end":{"line":113,"column":null}},"type":"if","locations":[{"start":{"line":65,"column":2},"end":{"line":113,"column":null}},{"start":{"line":68,"column":9},"end":{"line":113,"column":null}}],"line":65},"2":{"loc":{"start":{"line":76,"column":4},"end":{"line":80,"column":null}},"type":"if","locations":[{"start":{"line":76,"column":4},"end":{"line":80,"column":null}},{"start":{},"end":{}}],"line":76},"3":{"loc":{"start":{"line":83,"column":4},"end":{"line":104,"column":null}},"type":"if","locations":[{"start":{"line":83,"column":4},"end":{"line":104,"column":null}},{"start":{},"end":{}}],"line":83},"4":{"loc":{"start":{"line":85,"column":8},"end":{"line":90,"column":null}},"type":"if","locations":[{"start":{"line":85,"column":8},"end":{"line":90,"column":null}},{"start":{},"end":{}}],"line":85},"5":{"loc":{"start":{"line":92,"column":8},"end":{"line":94,"column":null}},"type":"if","locations":[{"start":{"line":92,"column":8},"end":{"line":94,"column":null}},{"start":{},"end":{}}],"line":92},"6":{"loc":{"start":{"line":95,"column":8},"end":{"line":97,"column":null}},"type":"if","locations":[{"start":{"line":95,"column":8},"end":{"line":97,"column":null}},{"start":{},"end":{}}],"line":95},"7":{"loc":{"start":{"line":108,"column":4},"end":{"line":110,"column":null}},"type":"if","locations":[{"start":{"line":108,"column":4},"end":{"line":110,"column":null}},{"start":{},"end":{}}],"line":108},"8":{"loc":{"start":{"line":128,"column":2},"end":{"line":131,"column":null}},"type":"if","locations":[{"start":{"line":128,"column":2},"end":{"line":131,"column":null}},{"start":{},"end":{}}],"line":128}},"s":{"0":4,"1":90104,"2":22829,"3":90104,"4":90104,"5":22829,"6":90104,"7":90104,"8":90104,"9":90104,"10":90104,"11":90104,"12":90104,"13":90104,"14":80202,"15":9902,"16":9902,"17":9902,"18":9902,"19":7678,"20":7678,"21":7678,"22":9902,"23":6374,"24":7567,"25":3961,"26":3961,"27":3961,"28":3606,"29":3606,"30":1,"31":3605,"32":3600,"33":5,"34":5,"35":5,"36":5,"37":9902,"38":2408,"39":9902,"40":90104,"41":90104,"42":22829,"43":22829,"44":22829,"45":90104,"46":3961,"47":3961,"48":90104},"f":{"0":90104,"1":22829},"b":{"0":[9902,80202],"1":[80202,9902],"2":[7678,2224],"3":[6374,3528],"4":[3961,3606],"5":[1,3605],"6":[3600,5],"7":[2408,7494],"8":[3961,86143]},"meta":{"lastBranch":9,"lastFunction":2,"lastStatement":49,"seen":{"s:25:27:25:Infinity":0,"f:40:16:40:Infinity":0,"s:50:23:50:Infinity":1,"f:50:29:50:34":1,"s:50:44:50:76":2,"s:51:19:51:Infinity":3,"s:52:2:54:Infinity":4,"s:53:4:53:Infinity":5,"s:56:58:56:Infinity":6,"s:57:26:57:Infinity":7,"s:58:26:58:Infinity":8,"s:59:27:59:Infinity":9,"s:60:26:60:Infinity":10,"s:61:19:61:Infinity":11,"s:62:18:62:Infinity":12,"b:62:43:62:65:62:65:62:Infinity":0,"b:65:2:113:Infinity:68:9:113:Infinity":1,"s:65:2:113:Infinity":13,"s:67:4:67:Infinity":14,"s:70:29:70:Infinity":15,"s:71:4:71:Infinity":16,"s:72:4:72:Infinity":17,"b:76:4:80:Infinity:undefined:undefined:undefined:undefined":2,"s:76:4:80:Infinity":18,"s:77:6:77:Infinity":19,"s:78:6:78:Infinity":20,"s:79:6:79:Infinity":21,"b:83:4:104:Infinity:undefined:undefined:undefined:undefined":3,"s:83:4:104:Infinity":22,"s:84:6:103:Infinity":23,"b:85:8:90:Infinity:undefined:undefined:undefined:undefined":4,"s:85:8:90:Infinity":24,"s:87:10:87:Infinity":25,"s:88:10:88:Infinity":26,"s:89:10:89:Infinity":27,"s:91:23:91:Infinity":28,"b:92:8:94:Infinity:undefined:undefined:undefined:undefined":5,"s:92:8:94:Infinity":29,"s:93:10:93:Infinity":30,"b:95:8:97:Infinity:undefined:undefined:undefined:undefined":6,"s:95:8:97:Infinity":31,"s:96:10:96:Infinity":32,"s:99:8:99:Infinity":33,"s:100:8:100:Infinity":34,"s:101:8:101:Infinity":35,"s:102:8:102:Infinity":36,"b:108:4:110:Infinity:undefined:undefined:undefined:undefined":7,"s:108:4:110:Infinity":37,"s:109:6:109:Infinity":38,"s:112:4:112:Infinity":39,"s:119:53:119:Infinity":40,"s:120:2:124:Infinity":41,"s:121:24:121:Infinity":42,"s:122:20:122:Infinity":43,"s:123:4:123:Infinity":44,"b:128:2:131:Infinity:undefined:undefined:undefined:undefined":8,"s:128:2:131:Infinity":45,"s:129:24:129:Infinity":46,"s:130:4:130:Infinity":47,"s:133:2:143:Infinity":48},"fnNames":{}}}
[...]
olumn":48},"end":{"line":246,"column":3}},"line":229},"9":{"name":"(anonymous_9)","decl":{"start":{"line":242,"column":34},"end":{"line":242,"column":43}},"loc":{"start":{"line":242,"column":70},"end":{"line":244,"column":7}},"line":242},"10":{"name":"validateDebtFallbackOrder","decl":{"start":{"line":261,"column":9},"end":{"line":261,"column":35}},"loc":{"start":{"line":261,"column":70},"end":{"line":295,"column":null}},"line":261},"11":{"name":"(anonymous_11)","decl":{"start":{"line":288,"column":50},"end":{"line":288,"column":55}},"loc":{"start":{"line":288,"column":64},"end":{"line":288,"column":71}},"line":288},"12":{"name":"validateSimConfig","decl":{"start":{"line":297,"column":9},"end":{"line":297,"column":27}},"loc":{"start":{"line":297,"column":52},"end":{"line":312,"column":null}},"line":297},"13":{"name":"validateHazardOverrides","decl":{"start":{"line":314,"column":9},"end":{"line":314,"column":33}},"loc":{"start":{"line":314,"column":67},"end":{"line":331,"column":null}},"line":314},"14":{"name":"mergeHazardOverrides","decl":{"start":{"line":333,"column":9},"end":{"line":333,"column":30}},"loc":{"start":{"line":333,"column":84},"end":{"line":347,"column":null}},"line":333},"15":{"name":"buildDerivedState","decl":{"start":{"line":353,"column":16},"end":{"line":353,"column":null}},"loc":{"start":{"line":358,"column":16},"end":{"line":393,"column":null}},"line":358},"16":{"name":"(anonymous_16)","decl":{"start":{"line":368,"column":58},"end":{"line":368,"column":null}},"loc":{"start":{"line":369,"column":21},"end":{"line":369,"column":null}},"line":369},"17":{"name":"(anonymous_17)","decl":{"start":{"line":373,"column":5},"end":{"line":373,"column":13}},"loc":{"start":{"line":373,"column":25},"end":{"line":373,"column":49}},"line":373},"18":{"name":"(anonymous_18)","decl":{"start":{"line":374,"column":5},"end":{"line":374,"column":13}},"loc":{"start":{"line":374,"column":30},"end":{"line":374,"column":59}},"line":374},"19":{"name":"(anonymous_19)","decl":{"start":{"line":375,"column":52},"end":{"line":375,"column":null}},"loc":{"start":{"line":376,"column":19},"end":{"line":376,"column":null}},"line":376}},"branchMap":{"0":{"loc":{"start":{"line":166,"column":2},"end":{"line":166,"column":null}},"type":"if","locations":[{"start":{"line":166,"column":2},"end":{"line":166,"column":null}},{"start":{},"end":{}}],"line":166},"1":{"loc":{"start":{"line":166,"column":40},"end":{"line":166,"column":null}},"type":"cond-expr","locations":[{"start":{"line":166,"column":62},"end":{"line":166,"column":70}},{"start":{"line":166,"column":70},"end":{"line":166,"column":null}}],"line":166},"2":{"loc":{"start":{"line":167,"column":2},"end":{"line":167,"column":null}},"type":"if","locations":[{"start":{"line":167,"column":2},"end":{"line":167,"column":null}},{"start":{},"end":{}}],"line":167},"3":{"loc":{"start":{"line":168,"column":2},"end":{"line":168,"column":null}},"type":"if","locations":[{"start":{"line":168,"column":2},"end":{"line":168,"column":null}},{"start":{},"end":{}}],"line":168},"4":{"loc":{"start":{"line":169,"column":2},"end":{"line":169,"column":null}},"type":"if","locations":[{"start":{"line":169,"column":2},"end":{"line":169,"column":null}},{"start":{},"end":{}}],"line":169},"5":{"loc":{"start":{"line":174,"column":2},"end":{"line":176,"column":null}},"type":"if","locations":[{"start":{"line":174,"column":2},"end":{"line":176,"column":null}},{"start":{},"end":{}}],"line":174},"6":{"loc":{"start":{"line":174,"column":6},"end":{"line":174,"column":73}},"type":"binary-expr","locations":[{"start":{"line":174,"column":6},"end":{"line":174,"column":35}},{"start":{"line":174,"column":35},"end":{"line":174,"column":62}},{"start":{"line":174,"column":62},"end":{"line":174,"column":73}}],"line":174},"7":{"loc":{"start":{"line":180,"column":2},"end":{"line":182,"column":null}},"type":"if","locations":[{"start":{"line":180,"column":2},"end":{"line":182,"column":null}},{"start":{},"end":{}}],"line":180},"8":{"loc":{"start":{"line":180,"column":6},"end":{"line":180,"column":74}},"type":"binary-expr","locations":[{"start":{"line":180,"column":6},"end":{"line":180,"column":35}},{"start":{"line":180,"column":35},"end":{"line":180,"column":62}},{"start":{"line":180,"column":62},"end":{"line":180,"column":74}}],"line":180},"9":{"loc":{"start":{"line":186,"column":2},"end":{"line":189,"column":null}},"type":"if","locations":[{"start":{"line":186,"column":2},"end":{"line":189,"column":null}},{"start":{},"end":{}}],"line":186},"10":{"loc":{"start":{"line":186,"column":6},"end":{"line":186,"column":84}},"type":"binary-expr","locations":[{"start":{"line":186,"column":6},"end":{"line":186,"column":35}},{"start":{"line":186,"column":35},"end":{"line":186,"column":84}}],"line":186},"11":{"loc":{"start":{"line":193,"column":2},"end":{"line":195,"column":null}},"type":"if","locations":[{"start":{"line":193,"column":2},"end":{"line":195,"column":null}},{"start":{},"end":{}}],"line":193},"12":{"loc":{"start":{"line":193,"column":6},"end":{"line":193,"column":57}},"type":"binary-expr","locations":[{"start":{"line":193,"column":6},"end":{"line":193,"column":27}},{"start":{"line":193,"column":27},"end":{"line":193,"column":57}}],"line":193},"13":{"loc":{"start":{"line":197,"column":2},"end":{"line":199,"column":null}},"type":"if","locations":[{"start":{"line":197,"column":2},"end":{"line":199,"column":null}},{"start":{},"end":{}}],"line":197},"14":{"loc":{"start":{"line":197,"column":6},"end":{"line":197,"column":83}},"type":"binary-expr","locations":[{"start":{"line":197,"column":6},"end":{"line":197,"column":48}},{"start":{"line":197,"column":48},"end":{"line":197,"column":83}}],"line":197},"15":{"loc":{"start":{"line":200,"column":2},"end":{"line":202,"column":null}},"type":"if","locations":[{"start":{"line":200,"column":2},"end":{"line":202,"column":null}},{"start":{},"end":{}}],"line":200},"16":{"loc":{"start":{"line":200,"column":6},"end":{"line":200,"column":73}},"type":"binary-expr","locations":[{"start":{"line":200,"column":6},"end":{"line":200,"column":43}},{"start":{"line":200,"column":43},"end":{"line":200,"column":73}}],"line":200},"17":{"loc":{"start":{"line":203,"column":2},"end":{"line":205,"column":null}},"type":"if","locations":[{"start":{"line":203,"column":2},"end":{"line":205,"column":null}},{"start":{},"end":{}}],"line":203},"18":{"loc":{"start":{"line":219,"column":4},"end":{"line":226,"column":null}},"type":"if","locations":[{"start":{"line":219,"column":4},"end":{"line":226,"column":null}},{"start":{},"end":{}}],"line":219},"19":{"loc":{"start":{"line":221,"column":6},"end":{"line":225,"column":null}},"type":"if","locations":[{"start":{"line":221,"column":6},"end":{"line":225,"column":null}},{"start":{},"end":{}}],"line":221},"20":{"loc":{"start":{"line":221,"column":10},"end":{"line":221,"column":101}},"type":"binary-expr","locations":[{"start":{"line":221,"column":10},"end":{"line":221,"column":38}},{"start":{"line":221,"column":38},"end":{"line":221,"column":64}},{"start":{"line":221,"column":64},"end":{"line":221,"column":91}},{"start":{"line":221,"column":91},"end":{"line":221,"column":101}}],"line":221},"21":{"loc":{"start":{"line":233,"column":4},"end":{"line":245,"column":null}},"type":"if","locations":[{"start":{"line":233,"column":4},"end":{"line":245,"column":null}},{"start":{},"end":{}}],"line":233},"22":{"loc":{"start":{"line":234,"column":6},"end":{"line":241,"column":null}},"type":"if","locations":[{"start":{"line":234,"column":6},"end":{"line":241,"column":null}},{"start":{},"end":{}}],"line":234},"23":{"loc":{"start":{"line":234,"column":10},"end":{"line":234,"column":100}},"type":"binary-expr","locations":[{"start":{"line":234,"column":10},"end":{"line":234,"column":57}},{"start":{"line":234,"column":57},"end":{"line":234,"column":100}}],"line":234},"24":{"loc":{"start":{"line":235,"column":25},"end":{"line":237,"column":null}},"type":"cond-expr","locations":[{"start":{"line":236,"column":12},"end":{"line":236,"column":null}},{"start":{"line":237,"column":12},"end":{"line":237,"column":null}}],"line":235},"25":{"loc":{"start":{"line":249,"column":2},"end":{"line":251,"column":null}},"type":"if","locations":[{"start":{"line":249,"column":2},"end":{"line":251,"column":null}},{"start":{},"end":{}}],"line":249},"26":{"loc":{"start":{"line":249,"column":6},"end":{"line":249,"column":49}},"type":"binary-expr","locations":[{"start":{"line":249,"column":6},"end":{"line":249,"column":23}},{"start":{"line":249,"column":23},"end":{"line":249,"column":49}}],"line":249},"27":{"loc":{"start":{"line":263,"column":2},"end":{"line":265,"column":null}},"type":"if","locations":[{"start":{"line":263,"column":2},"end":{"line":265,"column":null}},{"start":{},"end":{}}],"line":263},"28":{"loc":{"start":{"line":269,"column":4},"end":{"line":271,"column":null}},"type":"if","locations":[{"start":{"line":269,"column":4},"end":{"line":271,"column":null}},{"start":{},"end":{}}],"line":269},"29":{"loc":{"start":{"line":269,"column":8},"end":{"line":269,"column":51}},"type":"binary-expr","locations":[{"start":{"line":269,"column":8},"end":{"line":269,"column":34}},{"start":{"line":269,"column":34},"end":{"line":269,"column":51}}],"line":269},"30":{"loc":{"start":{"line":272,"column":4},"end":{"line":274,"column":null}},"type":"if","locations":[{"start":{"line":272,"column":4},"end":{"line":274,"column":null}},{"start":{},"end":{}}],"line":272},"31":{"loc":{"start":{"line":279,"column":4},"end":{"line":281,"column":null}},"type":"if","locations":[{"start":{"line":279,"column":4},"end":{"line":281,"column":null}},{"start":{},"end":{}}],"line":279},"32":{"loc":{"start":{"line":284,"column":2},"end":{"line":286,"column":null}},"type":"if","locations":[{"start":{"line":284,"column":2},"end":{"line":286,"column":null}},{"start":{},"end":{}}],"line":284},"33":{"loc":{"start":{"line":291,"column":4},"end":{"line":293,"column":null}},"type":"if","locations":[{"start":{"line":291,"column":4},"end":{"line":293,"column":null}},{"start":{},"end":{}}],"line":291},"34":{"loc":{"start":{"line":298,"column":2},"end":{"line":300,"column":null}},"type":"if","locations":[{"start":{"line":298,"column":2},"end":{"line":300,"column":null}},{"start":{},"end":{}}],"line":298},"35":{"loc":{"start":{"line":298,"column":6},"end":{"line":298,"column":53}},"type":"binary-expr","locations":[{"start":{"line":298,"column":6},"end":{"line":298,"column":25}},{"start":{"line":298,"column":25},"end":{"line":298,"column":53}}],"line":298},"36":{"loc":{"start":{"line":301,"column":2},"end":{"line":303,"column":null}},"type":"if","locations":[{"start":{"line":301,"column":2},"end":{"line":303,"column":null}},{"start":{},"end":{}}],"line":301},"37":{"loc":{"start":{"line":304,"column":2},"end":{"line":306,"column":null}},"type":"if","locations":[{"start":{"line":304,"column":2},"end":{"line":306,"column":null}},{"start":{},"end":{}}],"line":304},"38":{"loc":{"start":{"line":307,"column":2},"end":{"line":311,"column":null}},"type":"if","locations":[{"start":{"line":307,"column":2},"end":{"line":311,"column":null}},{"start":{},"end":{}}],"line":307},"39":{"loc":{"start":{"line":308,"column":4},"end":{"line":310,"column":null}},"type":"if","locations":[{"start":{"line":308,"column":4},"end":{"line":310,"column":null}},{"start":{},"end":{}}],"line":308},"40":{"loc":{"start":{"line":308,"column":8},"end":{"line":308,"column":86}},"type":"binary-expr","locations":[{"start":{"line":308,"column":8},"end":{"line":308,"column":49}},{"start":{"line":308,"column":49},"end":{"line":308,"column":86}}],"line":308},"41":{"loc":{"start":{"line":334,"column":19},"end":{"line":334,"column":null}},"type":"binary-expr","locations":[{"start":{"line":334,"column":19},"end":{"line":334,"column":32}},{"start":{"line":334,"column":32},"end":{"line":334,"column":null}}],"line":334},"42":{"loc":{"start":{"line":341,"column":6},"end":{"line":343,"column":null}},"type":"cond-expr","locations":[{"start":{"line":342,"column":10},"end":{"line":342,"column":null}},{"start":{"line":343,"column":10},"end":{"line":343,"column":null}}],"line":341}},"s":{"0":6,"1":6,"2":6,"3":6,"4":6,"5":6,"6":6,"7":6,"8":63,"9":46,"10":17,"11":10,"12":7,"13":4,"14":3,"15":2,"16":1,"17":1259,"18":36,"19":91,"20":4,"21":374,"22":5,"23":16,"24":5,"25":135,"26":2,"27":133,"28":2,"29":131,"30":2,"31":129,"32":1,"33":128,"34":138,"35":138,"36":138,"37":128,"38":35,"39":35,"40":35,"41":35,"42":35,"43":35,"44":19,"45":19,"46":4,"47":128,"48":120,"49":120,"50":120,"51":120,"52":11,"53":2,"54":2,"55":9,"56":91,"57":128,"58":128,"59":2,"60":96,"61":96,"62":96,"63":96,"64":96,"65":80,"66":80,"67":2,"68":78,"69":78,"70":99,"71":2,"72":97,"73":2,"74":95,"75":74,"76":17,"77":1,"78":73,"79":1,"80":72,"81":14,"82":72,"83":72,"84":86,"85":1,"86":71,"87":1,"88":70,"89":1,"90":69,"91":1,"92":68,"93":43,"94":2,"95":66,"96":66,"97":66,"98":66,"99":66,"100":66,"101":66,"102":66,"103":66,"104":66,"105":66,"106":66,"107":66,"108":66,"109":135,"110":135,"111":135,"112":135,"113":135,"114":135,"115":71,"116":135,"117":73,"118":60,"119":135,"120":13,"121":135,"122":135,"123":135},"f":{"0":63,"1":1259,"2":91,"3":374,"4":16,"5":135,"6":138,"7":35,"8":120,"9":91,"10":80,"11":14,"12":71,"13":66,"14":66,"15":135,"16":71,"17":73,"18":60,"19":13},"b":{"0":[46,17],"1":[11,35],"2":[10,7],"3":[4,3],"4":[2,1],"5":[36,1223],"6":[1259,1256,1237],"7":[4,87],"8":[91,90,89],"9":[5,369],"10":[374,373],"11":[2,133],"12":[135,134],"13":[2,131],"14":[133,132],"15":[2,129],"16":[131,130],"17":[1,128],"18":[19,16],"19":[4,15],"20":[19,18,17,16],"21":[11,109],"22":[2,9],"23":[11,10],"24":[1,1],"25":[2,126],"26":[128,97],"27":[2,78],"28":[2,97],"29":[99,98],"30":[2,95],"31":[1,16],"32":[1,72],"33":[1,85],"34":[1,70],"35":[71,70],"36":[1,69],"37":[1,68],"38":[43,25],"39":[2,41],"40":[43,42],"41":[66,1],"42":[12,54]},"meta":{"lastBranch":43,"lastFunction":20,"lastStatement":124,"seen":{"s:130:57:139:Infinity":0,"s:146:71:150:Infinity":1,"s:157:27:157:Infinity":2,"s:158:19:158:Infinity":3,"s:159:22:159:Infinity":4,"s:160:22:160:Infinity":5,"s:161:24:161:Infinity":6,"s:163:27:163:Infinity":7,"f:165:9:165:18":0,"b:166:2:166:Infinity:undefined:undefined:undefined:undefined":0,"s:166:2:166:Infinity":8,"s:166:33:166:Infinity":9,"b:166:62:166:70:166:70:166:Infinity":1,"b:167:2:167:Infinity:undefined:undefined:undefined:undefined":2,"s:167:2:167:Infinity":10,"s:167:33:167:Infinity":11,"b:168:2:168:Infinity:undefined:undefined:undefined:undefined":3,"s:168:2:168:Infinity":12,"s:168:22:168:Infinity":13,"b:169:2:169:Infinity:undefined:undefined:undefined:undefined":4,"s:169:2:169:Infinity":14,"s:169:27:169:Infinity":15,"s:170:2:170:Infinity":16,"f:173:9:173:33":1,"b:174:2:176:Infinity:undefined:undefined:undefined:undefined":5,"s:174:2:176:Infinity":17,"b:174:6:174:35:174:35:174:62:174:62:174:73":6,"s:175:4:175:Infinity":18,"f:179:9:179:30":2,"b:180:2:182:Infinity:undefined:undefined:undefined:undefined":7,"s:180:2:182:Infinity":19,"b:180:6:180:35:180:35:180:62:180:62:180:74":8,"s:181:4:181:Infinity":20,"f:185:9:185:39":3,"b:186:2:189:Infinity:undefined:undefined:undefined:undefined":9,"s:186:2:189:Infinity":21,"b:186:6:186:35:186:35:186:84":10,"s:187:20:187:Infinity":22,"f:187:28:187:33":4,"s:187:44:187:62":23,"s:188:4:188:Infinity":24,"f:192:9:192:35":5,"b:193:2:195:Infinity:undefined:undefined:undefined:undefined":11,"s:193:2:195:Infinity":25,"b:193:6:193:27:193:27:193:57":12,"s:194:4:194:Infinity":26,"b:197:2:199:Infinity:undefined:undefined:undefined:undefined":13,"s:197:2:199:Infinity":27,"b:197:6:197:48:197:48:197:83":14,"s:198:4:198:Infinity":28,"b:200:2:202:Infinity:undefined:undefined:undefined:undefined":15,"s:200:2:202:Infinity":29,"b:200:6:200:43:200:43:200:73":16,"s:201:4:201:Infinity":30,"b:203:2:205:Infinity:undefined:undefined:undefined:undefined":17,"s:203:2:205:Infinity":31,"s:204:4:204:Infinity":32,"s:207:2:211:Infinity":33,"f:207:25:207:34":6,"s:208:18:208:Infinity":34,"s:209:4:209:Infinity":35,"s:210:4:210:Infinity":36,"s:213:2:227:Infinity":37,"f:213:17:213:26":7,"s:214:18:214:Infinity":38,"s:215:4:215:Infinity":39,"s:216:4:216:Infinity":40,"s:217:4:217:Infinity":41,"s:218:4:218:Infinity":42,"b:219:4:226:Infinity:undefined:undefined:undefined:undefined":18,"s:219:4:226:Infinity":43,"s:220:19:220:Infinity":44,"b:221:6:225:Infinity:undefined:undefined:undefined:undefined":19,"s:221:6:225:Infinity":45,"b:221:10:221:38:221:38:221:64:221:64:221:91:221:91:221:101":20,"s:222:8:224:Infinity":46,"s:229:2:246:Infinity":47,"f:229:20:229:29":8,"s:230:18:230:Infinity":48,"s:231:4:231:Infinity":49,"s:232:4:232:Infinity":50,"b:233:4:245:Infinity:undefined:undefined:undefined:undefined":21,"s:233:4:245:Infinity":51,"b:234:6:241:Infinity:undefined:undefined:undefined:undefined":22,"s:234:6:241:Infinity":52,"b:234:10:234:57:234:57:234:100":23,"s:235:25:237:Infinity":53,"b:236:12:236:Infinity:237:12:237:Infinity":24,"s:238:8:240:Infinity":54,"s:242:6:244:Infinity":55,"f:242:34:242:43":9,"s:243:8:243:Infinity":56,"s:248:15:248:Infinity":57,"b:249:2:251:Infinity:undefined:undefined:undefined:undefined":25,"s:249:2:251:Infinity":58,"b:249:6:249:23:249:23:249:49":26,"s:250:4:250:Infinity":59,"s:252:2:252:Infinity":60,"s:253:2:253:Infinity":61,"s:255:2:255:Infinity":62,"s:256:2:256:Infinity":63,"s:258:2:258:Infinity":64,"f:261:9:261:35":10,"s:262:16:262:Infinity":65,"b:263:2:265:Infinity:undefined:undefined:undefined:undefined":27,"s:263:2:265:Infinity":66,"s:264:4:264:Infinity":67,"s:267:15:267:Infinity":68,"s:268:2:276:Infinity":69,"b:269:4:271:Infinity:undefined:undefined:undefined:undefined":28,"s:269:4:271:Infinity":70,"b:269:8:269:34:269:34:269:51":29,"s:270:6:270:Infinity":71,"b:272:4:274:Infinity:undefined:undefined:undefined:undefined":30,"s:272:4:274:Infinity":72,"s:273:6:273:Infinity":73,"s:275:4:275:Infinity":74,"s:278:2:282:Infinity":75,"b:279:4:281:Infinity:undefined:undefined:undefined:undefined":31,"s:279:4:281:Infinity":76,"s:280:6:280:Infinity":77,"b:284:2:286:Infinity:undefined:undefined:undefined:undefined":32,"s:284:2:286:Infinity":78,"s:285:4:285:Infinity":79,"s:288:19:288:Infinity":80,"f:288:50:288:55":11,"s:288:64:288:71":81,"s:289:2:289:Infinity":82,"s:290:2:294:Infinity":83,"b:291:4:293:Infinity:undefined:undefined:undefined:undefined":33,"s:291:4:293:Infinity":84,"s:292:6:292:Infinity":85,"f:297:9:297:27":12,"b:298:2:300:Infinity:undefined:undefined:undefined:undefined":34,"s:298:2:300:Infinity":86,"b:298:6:298:25:298:25:298:53":35,"s:299:4:299:Infinity":87,"b:301:2:303:Infinity:undefined:undefined:undefined:undefined":36,"s:301:2:303:Infinity":88,"s:302:4:302:Infinity":89,"b:304:2:306:Infinity:undefined:undefined:undefined:undefined":37,"s:304:2:306:Infinity":90,"s:305:4:305:Infinity":91,"b:307:2:311:Infinity:undefined:undefined:undefined:undefined":38,"s:307:2:311:Infinity":92,"b:308:4:310:Infinity:undefined:undefined:undefined:undefined":39,"s:308:4:310:Infinity":93,"b:308:8:308:49:308:49:308:86":40,"s:309:6:309:Infinity":94,"f:314:9:314:33":13,"s:318:2:318:Infinity":95,"s:319:2:319:Infinity":96,"s:320:2:320:Infinity":97,"s:321:2:321:Infinity":98,"s:322:2:322:Infinity":99,"s:323:2:323:Infinity":100,"s:324:2:324:Infinity":101,"s:328:2:328:Infinity":102,"s:329:2:329:Infinity":103,"s:330:2:330:Infinity":104,"f:333:9:333:30":14,"s:334:19:334:Infinity":105,"b:334:19:334:32:334:32:334:Infinity":41,"s:335:34:344:Infinity":106,"b:342:10:342:Infinity:343:10:343:Infinity":42,"s:345:2:345:Infinity":107,"s:346:2:346:Infinity":108,"f:353:16:353:Infinity":15,"s:359:2:359:Infinity":109,"s:360:2:360:Infinity":110,"s:361:32:361:Infinity":111,"s:365:25:365:Infinity":112,"s:366:25:366:Infinity":113,"s:368:29:371:Infinity":114,"f:368:58:368:Infinity":16,"s:369:21:369:Infinity":115,"s:372:29:374:Infinity":116,"f:373:5:373:13":17,"s:373:25:373:49":117,"f:374:5:374:13":18,"s:374:30:374:59":118,"s:375:31:378:Infinity":119,"f:375:52:375:Infinity":19,"s:376:19:376:Infinity":120,"s:379:32:379:Infinity":121,"s:380:35:380:Infinity":122,"s:382:2:392:Infinity":123},"fnNames":{}}}
}
